<?xml version="1.0" encoding="utf-8"?><testsuites name="pytest tests"><testsuite name="pytest" errors="0" failures="2" skipped="3" tests="1543" time="361.817" timestamp="2026-09-03T09:42:07.944368+09:00" hostname="DESKTOP-HTBQ4KN"><testcase classname="tests.specification.test_phase19b2_pre_executor_contract" name="test_normalized_semantic_ir_preserves_anchor_normal_movement" time="0.005" /><testcase classname="tests.specification.test_phase19b2_pre_executor_contract" name="test_semantic_ruleset_has_standalone_generic_support_payload" time="0.004" /><testcase classname="tests.specification.test_phase19b2_pre_executor_contract" name="test_semantic_support_contains_anchor_metadata_without_movement_atoms" time="0.004" /><testcase classname="tests.specification.test_phase19b2_pre_executor_contract" name="test_owner_relative_false_geometry_is_not_rotated_for_owner_one" time="0.004" /><testcase classname="tests.specification.test_phase19b2_pre_executor_contract" name="test_position_declares_canonical_aux_state_field" time="0.000" /><testcase classname="tests.specification.test_phase19b2_pre_executor_contract" name="test_semantic_position_key_api_accepts_semantic_compiled_ruleset" time="0.000" /><testcase classname="tests.specification.test_phase19b2_pre_executor_contract" name="test_b3_supersedes_b2_s4_fail_closed_capability_gate" time="0.003" /><testcase classname="tests.specification.test_phase19b2_review_r1" name="test_per_owner_castling_rights_are_independent" time="0.007" /><testcase classname="tests.specification.test_phase19b2_review_r1" name="test_capture_trigger_survives_target_reoccupation_and_is_owner_relative" time="0.005" /><testcase classname="tests.specification.test_phase19b2_review_r1" name="test_nifu_action_base_does_not_match_different_type_piece" time="0.003" /><testcase classname="tests.specification.test_phase19b2_review_r1" name="test_anchor_is_attackable_but_not_legally_capturable" time="0.004" /><testcase classname="tests.specification.test_phase19b2_review_r1" name="test_b3_supported_s4_ruleset_is_executable_as_a_whole" time="0.002" /><testcase classname="tests.specification.test_phase19b2_review_r1" name="test_public_semantic_apply_rejects_forged_geometry_binding" time="0.020" /><testcase classname="tests.specification.test_phase19b2_review_r1" name="test_existing_public_core_lifecycle_accepts_semantic_rulesets" time="0.005" /><testcase classname="tests.specification.test_phase19b2_review_r1" name="test_forced_promotion_with_no_alive_target_has_no_unpromoted_fallback" time="0.000" /><testcase classname="tests.specification.test_phase19b2_review_r1" name="test_multi_type_legacy_atom_pattern_does_not_cross_product_geometry" time="0.002" /><testcase classname="tests.specification.test_phase19b2_review_r1" name="test_path_between_is_strict_lattice_segment_not_bounding_box" time="0.002" /><testcase classname="tests.specification.test_phase19b2_review_r2" name="test_public_semantic_actions_preserve_pattern_and_geometry_identity" time="0.002" /><testcase classname="tests.specification.test_phase19b2_review_r2" name="test_runtime_binding_keeps_exact_geometry_and_path" time="0.002" /><testcase classname="tests.specification.test_phase19b2_review_r2" name="test_semantic_key_canonicalizes_absent_and_explicit_defaults" time="0.004" /><testcase classname="tests.specification.test_phase19b2_review_r2" name="test_mixed_global_and_per_owner_aux_uses_one_canonical_key_shape" time="0.002" /><testcase classname="tests.specification.test_phase19b2_review_r2" name="test_per_owner_expire_next_turn_expires_creator_instance" time="0.002" /><testcase classname="tests.specification.test_phase19b2_review_r2" name="test_aux_slot_square_resolves_scope_and_implicit_default" time="0.002" /><testcase classname="tests.specification.test_phase19b2_review_r2" name="test_semantic_public_core_rejects_ruleset_mismatch" time="0.008" /><testcase classname="tests.specification.test_phase19b2_review_r2" name="test_semantic_legal_successors_matches_public_apply" time="0.027" /><testcase classname="tests.specification.test_phase19b2_review_r2" name="test_pseudo_attack_respects_type_geometry_binding" time="0.002" /><testcase classname="tests.specification.test_phase19b2_review_r2" name="test_conditional_capture_guard_controls_pseudo_attack" time="0.001" /><testcase classname="tests.specification.test_phase19b2_review_r2" name="test_blocker_owner_filter_uses_attacker_perspective" time="0.003" /><testcase classname="tests.specification.test_phase19b2_review_r2" name="test_action_relative_typeref_is_actor_bound_inside_effects" time="0.003" /><testcase classname="tests.specification.test_phase19b2_review_r2" name="test_en_passant_requires_real_matching_opponent_victim" time="0.004" /><testcase classname="tests.specification.test_phase19b2_review_r2" name="test_compound_effect_cannot_overwrite_unremoved_destination_piece" time="0.002" /><testcase classname="tests.specification.test_phase19b3_s4_bounded_probe" name="test_spec01_no_reply_checking_action_rejected" time="0.007" /><testcase classname="tests.specification.test_phase19b3_s4_bounded_probe" name="test_spec02_checking_action_with_reply_remains_legal" time="0.005" /><testcase classname="tests.specification.test_phase19b3_s4_bounded_probe" name="test_spec03_opponent_checked_binds_to_reply_side" time="0.002" /><testcase classname="tests.specification.test_phase19b3_s4_bounded_probe" name="test_spec04_nested_s4_disabled_option_b" time="0.020" /><testcase classname="tests.specification.test_phase19b3_s4_bounded_probe" name="test_spec05_non_drop_restricted_finish" time="0.004" /><testcase classname="tests.specification.test_phase19b3_s4_bounded_probe" name="test_spec06_probe_uses_full_child_state" time="0.003" /><testcase classname="tests.specification.test_phase19b3_s4_bounded_probe" name="test_spec07_s4_action_excluded_from_public_membership" time="0.116" /><testcase classname="tests.specification.test_phase19b3_s4_bounded_probe" name="test_spec08_s0s3_unchanged" time="0.045" /><testcase classname="tests.specification.test_phase19b3_s4_bounded_probe" name="test_spec09a_unsupported_probe_fails_closed" time="0.006" /><testcase classname="tests.specification.test_phase19b3_s4_bounded_probe" name="test_spec09b_capability_transition_for_supported_s4" time="0.004" /><testcase classname="tests.specification.test_phase19b3_s4_bounded_probe" name="test_spec10_probe_never_enters_s5" time="0.027" /><testcase classname="tests.specification.test_phase19b3_s4_bounded_probe" name="test_spec11_early_exit_contract" time="0.002" /><testcase classname="tests.specification.test_phase19c1_native_semantic_payload_contract" name="test_c1_spec01_semantic_native_compile_api_exists" time="0.000" /><testcase classname="tests.specification.test_phase19c1_native_semantic_payload_contract" name="test_c1_spec02_static_payload_capabilities_are_additive" time="0.001" /><testcase classname="tests.specification.test_phase19c1_native_semantic_payload_contract" name="test_c1_spec03_c_extension_static_semantic_entry_points_exist" time="0.000" /><testcase classname="tests.specification.test_phase19c1_native_semantic_payload_contract" name="test_c1_spec04_all_frozen_semantic_corpus_compiles_to_separate_capsules" time="0.074" /><testcase classname="tests.specification.test_phase19c1_native_semantic_payload_contract" name="test_c1_spec05_deterministic_reversible_numeric_id_maps" time="0.071" /><testcase classname="tests.specification.test_phase19c1_native_semantic_payload_contract" name="test_c1_spec06_c_owned_payload_roundtrip_is_exact" time="0.102" /><testcase classname="tests.specification.test_phase19c1_native_semantic_payload_contract" name="test_c1_spec07_lowering_does_not_depend_on_legacy_compiled_handle" time="0.006" /><testcase classname="tests.specification.test_phase19c1_native_semantic_payload_contract" name="test_c1_spec08_semantic_action_layout_is_exact" time="0.000" /><testcase classname="tests.specification.test_phase19c1_native_semantic_payload_contract" name="test_c1_spec09_native_geometry_capacity_fails_closed" time="0.011" /><testcase classname="tests.specification.test_phase19c1_native_semantic_payload_contract" name="test_c1_spec12_legacy_native_surface_remains_present" time="0.000" /><testcase classname="tests.specification.test_phase19c2_native_semantic_runtime_contract" name="test_c2_successor_version_and_semantic_capabilities_are_explicit" time="0.000" /><testcase classname="tests.specification.test_phase19c2_native_semantic_runtime_contract" name="test_c2_public_entry_points_and_c1_surface_boundary" time="0.000" /><testcase classname="tests.specification.test_phase19c2_native_semantic_runtime_contract" name="test_c2_per_ruleset_gate_and_structural_fail_closed" time="0.075" /><testcase classname="tests.test_action_bound_state_guard" name="test_action_bound_subject_source_target_empty_and_unresolved" time="0.004" /><testcase classname="tests.test_action_bound_state_guard" name="test_action_bound_target_only_inspects_target_occupant" time="0.005" /><testcase classname="tests.test_action_bound_state_guard" name="test_action_bound_schema_round_trip_and_fingerprint_contract" time="0.001" /><testcase classname="tests.test_action_bound_state_guard" name="test_action_bound_compiled_ir_and_native_support" time="0.004" /><testcase classname="tests.test_ai_budget" name="test_fixed_nodes_without_clock" time="0.000" /><testcase classname="tests.test_ai_budget" name="test_fixed_time" time="0.000" /><testcase classname="tests.test_ai_budget" name="test_auto_time_uses_main_time_with_safety" time="0.000" /><testcase classname="tests.test_ai_budget" name="test_auto_time_byoyomi_uses_overtime_when_main_empty" time="0.000" /><testcase classname="tests.test_ai_budget" name="test_fixed_nodes_clamped_by_clock_safety" time="0.000" /><testcase classname="tests.test_ai_budget" name="test_max_depth_passthrough" time="0.000" /><testcase classname="tests.test_ai_budget" name="test_fixed_nodes_keeps_preset_with_clock" time="0.000" /><testcase classname="tests.test_ai_cache" name="test_memory_cache_hit_after_miss" time="0.002" /><testcase classname="tests.test_ai_cache" name="test_disk_cache_roundtrip" time="0.007" /><testcase classname="tests.test_ai_cache" name="test_disk_cache_invalidations" time="0.020" /><testcase classname="tests.test_ai_cache" name="test_corrupt_disk_cache_rebuilds" time="0.006" /><testcase classname="tests.test_ai_cache" name="test_movement_capability_cache" time="0.001" /><testcase classname="tests.test_ai_cache" name="test_profile_reuses_capability_across_rulesets" time="0.002" /><testcase classname="tests.test_ai_evaluation" name="test_anchor_not_in_material" time="0.002" /><testcase classname="tests.test_ai_evaluation" name="test_type_name_invariance" time="0.025" /><testcase classname="tests.test_ai_evaluation" name="test_ray_leap_dominance" time="0.008" /><testcase classname="tests.test_ai_evaluation" name="test_monte_carlo_dedup_overlapping_atoms" time="0.036" /><testcase classname="tests.test_ai_evaluation" name="test_promotion_gain_order_invariant" time="0.012" /><testcase classname="tests.test_ai_evaluation" name="test_mirrored_position_evaluation_negates" time="0.002" /><testcase classname="tests.test_ai_evaluation" name="test_promoted_uses_current_type_and_hand_uses_base" time="0.006" /><testcase classname="tests.test_ai_evaluation" name="test_mate_score_beats_static" time="0.002" /><testcase classname="tests.test_ai_match" name="test_human_move_triggers_ai_turn_and_clock_advances" time="0.011" /><testcase classname="tests.test_ai_match" name="test_ai_plays_first_when_ai_is_side_0" time="0.009" /><testcase classname="tests.test_ai_match" name="test_ai_turn_blocks_human_input" time="0.011" /><testcase classname="tests.test_ai_match" name="test_undo_restores_clock_snapshot" time="0.013" /><testcase classname="tests.test_ai_match" name="test_restart_resets_clock" time="0.011" /><testcase classname="tests.test_ai_match" name="test_human_timeout_does_not_end_match" time="0.008" /><testcase classname="tests.test_ai_match" name="test_cancelled_ai_does_not_submit" time="0.014" /><testcase classname="tests.test_ai_match" name="test_no_ai_trigger_on_terminal_or_human_side" time="0.017" /><testcase classname="tests.test_ai_match" name="test_progress_callback_reports_iterations" time="0.109" /><testcase classname="tests.test_ai_match" name="test_terminal_pauses_clock" time="0.004" /><testcase classname="tests.test_ai_match" name="test_ai_timeout_adjudicates_loss" time="0.003" /><testcase classname="tests.test_ai_match" name="test_ai_thinking_clock_ticks" time="0.009" /><testcase classname="tests.test_ai_match" name="test_drop_can_save_trapped_king_so_not_terminal" time="0.003" /><testcase classname="tests.test_ai_match" name="test_resign_pauses_clock" time="0.013" /><testcase classname="tests.test_ai_match" name="test_expired_human_can_continue_playing" time="0.016" /><testcase classname="tests.test_ai_match" name="test_stale_ai_decision_discarded_after_restart" time="0.009" /><testcase classname="tests.test_ai_match" name="test_restart_clock_active_owner_matches_initial_side" time="0.009" /><testcase classname="tests.test_ai_match" name="test_worker_snapshot_freezes_limits_and_commits" time="0.010" /><testcase classname="tests.test_ai_match" name="test_finish_ai_move_rejects_stale_snapshot" time="0.028" /><testcase classname="tests.test_ai_search" name="test_minimax_equals_alphabeta_bare" time="0.017" /><testcase classname="tests.test_ai_search" name="test_minimax_equals_alphabeta_tt_and_ordering" time="0.077" /><testcase classname="tests.test_ai_search" name="test_returns_legal_action_and_terminal_none" time="0.062" /><testcase classname="tests.test_ai_search" name="test_mate_distance_prefers_faster_win" time="0.165" /><testcase classname="tests.test_ai_search" name="test_tt_key_distinguishes_history_and_ruleset" time="0.004" /><testcase classname="tests.test_ai_search" name="test_depth_limit_and_node_limit" time="0.090" /><testcase classname="tests.test_ai_search" name="test_node_budget_reproducible" time="1.136" /><testcase classname="tests.test_ai_search" name="test_time_limit_and_cancellation" time="0.017" /><testcase classname="tests.test_ai_search" name="test_transposition_table_bounds_and_capacity" time="0.000" /><testcase classname="tests.test_ai_search" name="test_mate_score_tt_normalization_roundtrip" time="0.000" /><testcase classname="tests.test_ai_search" name="test_promotion_ruleset_searches" time="0.008" /><testcase classname="tests.test_ai_search" name="test_tiny_time_budget_aborts_before_clock_expiry" time="0.004" /><testcase classname="tests.test_ai_search" name="test_representative_time_budgets_return_prompt_legal_results[0.1]" time="0.110" /><testcase classname="tests.test_ai_search" name="test_representative_time_budgets_return_prompt_legal_results[0.25]" time="0.251" /><testcase classname="tests.test_ai_search" name="test_representative_time_budgets_return_prompt_legal_results[0.5]" time="0.500" /><testcase classname="tests.test_ai_search" name="test_representative_time_budgets_return_prompt_legal_results[1.0]" time="1.000" /><testcase classname="tests.test_ai_search" name="test_budget_counts_qnodes_toward_node_limit" time="0.000" /><testcase classname="tests.test_ai_search" name="test_max_nodes_is_total_node_budget" time="0.075" /><testcase classname="tests.test_ai_search" name="test_budget_deadline_and_cancel_checked_during_qsearch" time="0.000" /><testcase classname="tests.test_ai_search" name="test_quiescence_searches_evasions_when_in_check" time="0.009" /><testcase classname="tests.test_anchor" name="test_king_cannot_move_into_attacked_square" time="0.025" /><testcase classname="tests.test_anchor" name="test_king_cannot_move_adjacent_to_enemy_anchor" time="0.002" /><testcase classname="tests.test_anchor" name="test_two_anchors_never_adjacent_after_moves" time="0.002" /><testcase classname="tests.test_anchor" name="test_check_detection" time="0.004" /><testcase classname="tests.test_anchor" name="test_pinned_piece_still_attacks" time="0.002" /><testcase classname="tests.test_benchmark" name="test_profiles_list_stable" time="0.000" /><testcase classname="tests.test_benchmark" name="test_build_position_is_deterministic" time="0.003" /><testcase classname="tests.test_benchmark" name="test_benchmark_smoke_writes_artifacts" time="0.136" /><testcase classname="tests.test_benchmark" name="test_benchmark_resume_skips_completed" time="0.130" /><testcase classname="tests.test_benchmark" name="test_summary_eligibility_rules" time="0.000" /><testcase classname="tests.test_benchmark" name="test_benchmark_cli_list_profiles" time="0.002" /><testcase classname="tests.test_capture_and_hands" name="test_capture_adds_to_hand_and_conserves" time="0.003" /><testcase classname="tests.test_capture_and_hands" name="test_capture_of_promoted_piece_restores_base_type" time="0.003" /><testcase classname="tests.test_capture_and_hands" name="test_drop_removes_from_hand_and_conserves" time="0.003" /><testcase classname="tests.test_capture_and_hands" name="test_move_without_capture_keeps_hands" time="0.003" /><testcase classname="tests.test_capture_and_hands" name="test_public_apply_action_rejects_capture_of_own_piece" time="0.003" /><testcase classname="tests.test_capture_and_hands" name="test_unchecked_executor_guards_own_capture" time="0.003" /><testcase classname="tests.test_capture_and_hands" name="test_public_apply_action_rejects_anchor_capture" time="0.003" /><testcase classname="tests.test_capture_and_hands" name="test_unchecked_executor_guards_anchor_capture" time="0.003" /><testcase classname="tests.test_capture_and_hands" name="test_hands_immutable_ops" time="0.000" /><testcase classname="tests.test_cli" name="test_play_smoke_fixed_seed" time="0.132" /><testcase classname="tests.test_cli" name="test_play_invalid_input_continues" time="0.129" /><testcase classname="tests.test_cli" name="test_play_quit_exits_cleanly" time="0.129" /><testcase classname="tests.test_cli" name="test_play_record_out_and_replay" time="0.257" /><testcase classname="tests.test_cli" name="test_replay_fingerprint_mismatch_fails" time="0.278" /><testcase classname="tests.test_cli" name="test_play_ruleset_conflict_rejected" time="0.106" /><testcase classname="tests.test_cli" name="test_replay_final_only" time="0.265" /><testcase classname="tests.test_cli" name="test_record_write_failure_returns_nonzero" time="0.148" /><testcase classname="tests.test_cli" name="test_play_main_injectable_streams" time="0.012" /><testcase classname="tests.test_cli" name="test_replay_main_injectable_streams" time="0.026" /><testcase classname="tests.test_cli" name="test_play_generate_save_ruleset_and_record_then_replay" time="0.273" /><testcase classname="tests.test_cli" name="test_ruleset_out_conflict_with_record_out" time="0.137" /><testcase classname="tests.test_cli" name="test_ruleset_out_conflict_with_input_ruleset" time="0.133" /><testcase classname="tests.test_cli" name="test_play_main_ruleset_out_injectable" time="0.033" /><testcase classname="tests.test_clock" name="test_none_mode_never_deducts" time="0.000" /><testcase classname="tests.test_clock" name="test_byoyomi_deducts_main_then_overtime" time="0.000" /><testcase classname="tests.test_clock" name="test_fischer_increments_main_time" time="0.000" /><testcase classname="tests.test_clock" name="test_complete_turn_mover_mismatch_raises" time="0.000" /><testcase classname="tests.test_clock" name="test_pause_and_resume" time="0.000" /><testcase classname="tests.test_clock" name="test_restore_snapshot" time="0.000" /><testcase classname="tests.test_clock" name="test_time_forfeit_disabled_never_expires" time="0.000" /><testcase classname="tests.test_conservation_properties" name="test_random_games_preserve_invariants" time="0.705" /><testcase classname="tests.test_conservation_properties" name="test_serialization_stable_during_play" time="0.014" /><testcase classname="tests.test_conservation_properties" name="test_no_anchor_captured_during_random_play" time="0.014" /><testcase classname="tests.test_conservation_properties" name="test_same_seed_reproduces_full_game" time="0.123" /><testcase classname="tests.test_coordinates" name="test_square_basics" time="0.000" /><testcase classname="tests.test_coordinates" name="test_player0_keeps_relative_offset" time="0.000" /><testcase classname="tests.test_coordinates" name="test_player1_rotates_relative_offset" time="0.000" /><testcase classname="tests.test_coordinates" name="test_rotate_round_trip" time="0.000" /><testcase classname="tests.test_coordinates" name="test_rotate_square_180" time="0.000" /><testcase classname="tests.test_coordinates" name="test_index_round_trip" time="0.000" /><testcase classname="tests.test_coordinates" name="test_add_offset_bounds" time="0.000" /><testcase classname="tests.test_coordinates" name="test_in_bounds" time="0.000" /><testcase classname="tests.test_coordinates" name="test_is_forward_directions" time="0.000" /><testcase classname="tests.test_coordinates" name="test_offset_between" time="0.000" /><testcase classname="tests.test_drops" name="test_drop_only_on_empty_square" time="0.002" /><testcase classname="tests.test_drops" name="test_drop_requires_piece_in_hand" time="0.002" /><testcase classname="tests.test_drops" name="test_pawn_like_drop_forbidden_on_last_rank" time="0.002" /><testcase classname="tests.test_drops" name="test_knight_like_drop_forbidden_on_last_two_ranks" time="0.002" /><testcase classname="tests.test_drops" name="test_drop_does_not_promote_immediately" time="0.002" /><testcase classname="tests.test_drops" name="test_drop_can_escape_check" time="0.002" /><testcase classname="tests.test_drops" name="test_drop_gives_check" time="0.002" /><testcase classname="tests.test_drops" name="test_drop_mate" time="0.002" /><testcase classname="tests.test_examples" name="test_example_ruleset_is_valid_json" time="0.001" /><testcase classname="tests.test_examples" name="test_example_ruleset_compiles_and_round_trips" time="0.001" /><testcase classname="tests.test_f10_source_index_lifetime" name="test_f10_operation_local_index_is_shared_across_board_patterns" time="0.120" /><testcase classname="tests.test_f10_source_index_lifetime" name="test_f10_default_source_index_fallback_remains_self_contained" time="0.095" /><testcase classname="tests.test_f11_post_f10_rebaseline" name="test_f11_baseline_and_fingerprint_are_locked" time="0.000" /><testcase classname="tests.test_f11_post_f10_rebaseline" name="test_f11_h11a_is_single_winner_audit_only" time="0.000" /><testcase classname="tests.test_f11_post_f10_rebaseline" name="test_f11_profiles_cover_the_certified_corpus" time="0.001" /><testcase classname="tests.test_f13_native_action_delivers_check" name="test_f13_standard_shogi_checking_drop_witness_matches_python" time="0.097" /><testcase classname="tests.test_f13_native_action_delivers_check" name="test_f13_nonchecking_drop_does_not_collapse_to_opponent_checked" time="0.111" /><testcase classname="tests.test_f13_native_action_delivers_check" name="test_f13_compile_gate_and_frozen_postcondition_code_contract" time="0.134" /><testcase classname="tests.test_f13_native_action_delivers_check" name="test_f13_standard_shogi_four_prefix_native_candidate_and_guarded_order" time="0.507" /><testcase classname="tests.test_f14_native_semantic_attack_api" name="test_f14_standard_shogi_648_attack_queries_and_in_check_match_python" time="0.502" /><testcase classname="tests.test_f14_native_semantic_attack_api" name="test_f14_public_api_rejects_invalid_bounds_and_owners" time="0.225" /><testcase classname="tests.test_f21_native_legality_provider" name="test_provider_matches_python_order_identity_and_binding[semantic_prefix_0]" time="0.093" /><testcase classname="tests.test_f21_native_legality_provider" name="test_provider_matches_python_order_identity_and_binding[semantic_prefix_1]" time="0.099" /><testcase classname="tests.test_f21_native_legality_provider" name="test_provider_matches_python_order_identity_and_binding[semantic_prefix_2]" time="0.113" /><testcase classname="tests.test_f21_native_legality_provider" name="test_provider_matches_python_order_identity_and_binding[semantic_prefix_3]" time="0.126" /><testcase classname="tests.test_f21_native_legality_provider" name="test_runtime_provider_cache_and_push_pop_restore" time="0.094" /><testcase classname="tests.test_f21_native_legality_provider" name="test_operational_provider_failure_falls_back_without_partial_cache" time="0.085" /><testcase classname="tests.test_f21_native_legality_provider" name="test_native_on_and_python_off_search_results_match" time="0.818" /><testcase classname="tests.test_f21_native_legality_provider" name="test_legacy_ruleset_never_attempts_semantic_provider" time="0.003" /><testcase classname="tests.test_f23a_evaluator_v2_features" name="test_f23a_recovers_exact_f22_partition_and_references" time="0.148" /><testcase classname="tests.test_f23a_evaluator_v2_features" name="test_f23a_v1_decomposition_parity_and_feature_determinism" time="0.002" /><testcase classname="tests.test_f23a_evaluator_v2_features" name="test_f23a_features_are_type_name_invariant" time="0.004" /><testcase classname="tests.test_f23b_evaluator_corpus" name="test_f23b_fixture_is_a_deterministic_builder_output" time="0.175" /><testcase classname="tests.test_f23b_evaluator_corpus" name="test_f23b_preserves_f22_legacy_stratum_exactly" time="0.065" /><testcase classname="tests.test_f23b_evaluator_corpus" name="test_f23b_split_is_frozen_and_nonempty" time="0.001" /><testcase classname="tests.test_f23b_evaluator_corpus" name="test_f23b_labels_are_exact_solver_labels_not_evaluator_scores" time="0.001" /><testcase classname="tests.test_f23b_evaluator_corpus" name="test_f23b_development_probe_reproduces_f22_and_holds_prototype_gate" time="0.176" /><testcase classname="tests.test_f23c_evaluator_corpus_r2" name="test_f23c_builder_is_deterministic_and_v1_bytes_are_untouched" time="0.286" /><testcase classname="tests.test_f23c_evaluator_corpus_r2" name="test_f23c_preserves_v1_generic_stratum_and_f22_exactly" time="0.001" /><testcase classname="tests.test_f23c_evaluator_corpus_r2" name="test_f23c_split_is_reused_and_both_sides_are_nonempty" time="0.001" /><testcase classname="tests.test_f23c_evaluator_corpus_r2" name="test_f23c_event_cases_have_independent_exact_evidence" time="0.027" /><testcase classname="tests.test_f23c_evaluator_corpus_r2" name="test_f23c_feature_probe_uses_development_only_and_meets_prototype_gate" time="0.588" /><testcase classname="tests.test_f23c_evaluator_corpus_r2" name="test_f23c_identity_is_key_order_stable_and_owner_symmetric_orbit_is_distinct" time="0.000" /><testcase classname="tests.test_f23d_evaluator_v2_prototype" name="test_f23d_classification_never_promotes_structural_labels" time="0.001" /><testcase classname="tests.test_f23d_evaluator_v2_prototype" name="test_f23d_refuses_fit_without_strong_development_roots_and_seals_holdout" time="0.605" /><testcase classname="tests.test_f23d_evaluator_v2_prototype" name="test_f23d_feature_selection_is_deterministic_and_bounded" time="0.567" /><testcase classname="tests.test_f23d_evaluator_v2_prototype" name="test_f23d_baseline_metrics_are_separate_from_structural_cases" time="0.595" /><testcase classname="tests.test_f23e_preference_corpus" name="test_f23e_v1_v2_are_byte_immutable_and_v3_rebuilds_deterministically" time="0.174" /><testcase classname="tests.test_f23e_preference_corpus" name="test_f23e_strong_gate_has_diverse_development_and_holdout_roots" time="0.001" /><testcase classname="tests.test_f23e_preference_corpus" name="test_f23e_every_strong_root_preserves_all_wdl_ties_and_strictly_worse_actions" time="0.003" /><testcase classname="tests.test_f23e_preference_corpus" name="test_f23e_solver_refuses_a_deliberately_capped_case" time="0.153" /><testcase classname="tests.test_f23e_preference_corpus" name="test_f23e_solver_has_no_evaluator_dependency_and_type_id_rename_is_equivalent" time="0.168" /><testcase classname="tests.test_f23e_preference_corpus" name="test_f23e_owner_side_symmetry_preserves_root_outcome" time="0.142" /><testcase classname="tests.test_f23f_evaluator_v2_prototype_r2" name="test_f23f_candidate_spec_is_reproducible_and_corpus_inputs_are_immutable" time="27.305" /><testcase classname="tests.test_f23f_evaluator_v2_prototype_r2" name="test_f23f_grouped_validation_is_equal_ruleset_and_rejects_candidate_before_holdout" time="0.000" /><testcase classname="tests.test_f23f_evaluator_v2_prototype_r2" name="test_f23f_structural_and_weak_roots_are_excluded_from_fit" time="0.926" /><testcase classname="tests.test_f23f_evaluator_v2_prototype_r2" name="test_f23f_constraints_never_order_ties_and_deduplicate_within_groups" time="0.955" /><testcase classname="tests.test_f23f_evaluator_v2_prototype_r2" name="test_f23f_source_has_no_shogi_or_production_path_dependency" time="0.000" /><testcase classname="tests.test_f23g_preference_corpus_r2" name="test_f23g_rebuild_is_deterministic_and_prior_artifacts_are_byte_immutable" time="0.490" /><testcase classname="tests.test_f23g_preference_corpus_r2" name="test_f23g_deep_gate_has_non_immediate_multiruleset_ordinary_reply_roots" time="0.002" /><testcase classname="tests.test_f23g_preference_corpus_r2" name="test_f23g_known_deep_root_has_two_reply_proof_and_strict_wdl_preference" time="0.018" /><testcase classname="tests.test_f23g_preference_corpus_r2" name="test_f23g_solver_preserves_f23e_immediate_classification" time="0.142" /><testcase classname="tests.test_f23g_preference_corpus_r2" name="test_f23g_solver_refuses_node_and_depth_caps_without_guessing" time="0.006" /><testcase classname="tests.test_f23g_preference_corpus_r2" name="test_f23g_solver_refuses_an_active_stack_cycle" time="0.171" /><testcase classname="tests.test_f23g_preference_corpus_r2" name="test_f23g_solver_has_no_evaluator_or_f23f_sampling_dependency" time="0.001" /><testcase classname="tests.test_f23g_preference_corpus_r2" name="test_f23g_behavioral_orbits_collapse_inert_hands_and_detect_leakage" time="0.597" /><testcase classname="tests.test_f23g_preference_corpus_r2" name="test_f23g_behavioral_fingerprint_changes_when_a_reply_branch_changes" time="0.023" /><testcase classname="tests.test_f23h_preference_corpus_r3" name="test_f23h_rebuild_is_deterministic_and_all_prior_artifacts_are_immutable" time="1.552" /><testcase classname="tests.test_f23h_preference_corpus_r3" name="test_f23h_uses_effective_orbits_for_a_clean_deep_gate" time="0.003" /><testcase classname="tests.test_f23h_preference_corpus_r3" name="test_f23h_representatives_have_real_behavioral_diversity_and_no_duplicates" time="0.003" /><testcase classname="tests.test_f23h_preference_corpus_r3" name="test_f23h_capture_branch_changes_root_action_partition" time="0.003" /><testcase classname="tests.test_f23i_evaluator_v2_prototype_r3" name="test_f23i_consumes_only_explicit_development_orbits_and_keeps_later_phases_closed" time="0.659" /><testcase classname="tests.test_f23i_evaluator_v2_prototype_r3" name="test_f23i_grouped_gate_is_deterministic_bounded_and_selects_next_boundary" time="1.345" /><testcase classname="tests.test_f23i_evaluator_v2_prototype_r3" name="test_f23i_does_not_mutate_frozen_corpora_or_import_fit_history" time="0.660" /><testcase classname="tests.test_f23j_preference_corpus_r4" name="test_f23j_rebuild_is_deterministic_and_history_is_byte_immutable" time="6.656" /><testcase classname="tests.test_f23j_preference_corpus_r4" name="test_f23j_plan_is_frozen_and_attempts_independent_mechanics_without_fit_inspection" time="0.001" /><testcase classname="tests.test_f23j_preference_corpus_r4" name="test_f23j_unresolved_candidates_are_refused_and_no_fake_gate_is_reported" time="0.000" /><testcase classname="tests.test_f23j_preference_corpus_r4" name="test_f23j_deliberate_sibling_source_is_excluded_from_validation_accounting" time="0.000" /><testcase classname="tests.test_f23k_corrective_r1" name="test_f23k_corrective_rebuild_does_not_mutate_historical_artifacts" time="19.755" /><testcase classname="tests.test_f23k_corrective_r1" name="test_f23k_corrective_uses_authoritative_horizon_and_fixed_budget_ladder" time="0.001" /><testcase classname="tests.test_f23k_corrective_r1" name="test_f23k_corrective_unresolved_paths_never_cache_synthetic_zero_bounds" time="0.000" /><testcase classname="tests.test_f23k_exact_reference_solver" name="test_f23k_matches_legacy_oracle_root_value_and_complete_optimal_set" time="0.027" /><testcase classname="tests.test_f23k_exact_reference_solver" name="test_f23k_differential_parity_covers_historical_tiny_preference_families" time="0.360" /><testcase classname="tests.test_f23k_exact_reference_solver" name="test_f23k_maps_any_authoritative_terminal_winner_not_only_checkmate" time="0.001" /><testcase classname="tests.test_f23k_exact_reference_solver" name="test_f23k_preserves_perpetual_check_winner_and_maps_checker_loss" time="0.000" /><testcase classname="tests.test_f23k_exact_reference_solver" name="test_f23k_refuses_node_depth_and_active_cycle_without_guessing" time="0.007" /><testcase classname="tests.test_f23k_exact_reference_solver" name="test_f23k_certificate_is_deterministic_and_reports_proof_stats" time="0.025" /><testcase classname="tests.test_f23k_exact_reference_solver" name="test_f23k_authoritative_horizon_uses_compiled_rule_horizon" time="0.019" /><testcase classname="tests.test_f23k_exact_reference_solver" name="test_f23l_domain_outside_window_certifies_root_win_draw_and_loss_actions" time="0.000" /><testcase classname="tests.test_f23k_exact_reference_solver" name="test_f23l_tt_enabled_and_disabled_match_on_deep_control" time="0.023" /><testcase classname="tests.test_f23k_exact_reference_solver" name="test_f23k_historical_capability_v1_remains_immutable" time="0.000" /><testcase classname="tests.test_f23l_solver_foundation_r2" name="test_f23l_capability_v3_is_frozen_and_historical_artifacts_are_immutable" time="0.002" /><testcase classname="tests.test_f23l_solver_foundation_r2" name="test_f23l_uses_fixed_horizon_ladder_and_reports_branching_blocker" time="0.000" /><testcase classname="tests.test_f23m_capability_v4" name="test_f23m_capability_v4_is_frozen_and_gate_passes" time="0.000" /><testcase classname="tests.test_f23m_capability_v4" name="test_f23m_historical_inputs_remain_byte_identical" time="0.000" /><testcase classname="tests.test_f23m_capability_v4" name="test_f23m_solver_source_has_no_legacy_evaluator_dependencies" time="0.000" /><testcase classname="tests.test_f23m_corrective_contracts" name="test_threshold_maximizer_true_short_circuits_over_unresolved" time="0.000" /><testcase classname="tests.test_f23m_corrective_contracts" name="test_threshold_maximizer_false_requires_all_children_false" time="0.000" /><testcase classname="tests.test_f23m_corrective_contracts" name="test_threshold_minimizer_false_short_circuits_over_unresolved" time="0.000" /><testcase classname="tests.test_f23m_corrective_contracts" name="test_threshold_minimizer_true_requires_all_children_true" time="0.000" /><testcase classname="tests.test_f23m_corrective_contracts" name="test_threshold_unresolved_is_never_cached_and_root_actions_are_all_certified" time="0.011" /><testcase classname="tests.test_f23m_corrective_contracts" name="test_ordinary_repetition_key_merges_only_irrelevant_history_and_matches_v2_when_bounded" time="0.021" /><testcase classname="tests.test_f23m_corrective_contracts" name="test_continuous_check_history_key_does_not_merge_distinct_valid_histories" time="0.010" /><testcase classname="tests.test_f23m_corrective_provenance" name="test_v4r1_summary_is_derived_from_authoritative_full_report" time="0.001" /><testcase classname="tests.test_f23m_corrective_provenance" name="test_v4r1_attempts_and_certificates_are_complete_and_derived" time="0.000" /><testcase classname="tests.test_f23m_corrective_provenance" name="test_frozen_f23m_and_prior_artifacts_are_byte_identical" time="0.002" /><testcase classname="tests.test_f23m_threshold_runtime_solver" name="test_f23m_matches_both_historical_and_v2_oracles_on_deep_control" time="0.033" /><testcase classname="tests.test_f23m_threshold_runtime_solver" name="test_f23m_tt_on_and_off_have_identical_exact_results_and_balanced_runtime" time="0.041" /><testcase classname="tests.test_f23m_threshold_runtime_solver" name="test_f23m_threshold_solver_refuses_caps_without_caching_unresolved" time="0.005" /><testcase classname="tests.test_f23m_threshold_runtime_solver" name="test_f23m_source_is_evaluator_free_and_horizon_is_authoritative" time="0.010" /><testcase classname="tests.test_f23n_preference_corpus_r5" name="test_frozen_plan_and_source_family_split_are_reproducible" time="0.006" /><testcase classname="tests.test_f23n_preference_corpus_r5" name="test_preference_certificates_are_exact_complete_and_balanced" time="0.005" /><testcase classname="tests.test_f23n_preference_corpus_r5" name="test_witnesses_and_exclusions_preserve_mechanic_and_orbit_contracts" time="0.009" /><testcase classname="tests.test_f23n_preference_corpus_r5" name="test_gate_and_boundary_are_derived_without_cross_family_leakage" time="0.005" /><testcase classname="tests.test_f23n_preference_corpus_r5" name="test_historical_artifacts_remain_byte_identical" time="0.002" /><testcase classname="tests.test_f23n_preference_corpus_r5" name="test_plan_has_no_forbidden_reference_or_production_dependency" time="0.000" /><testcase classname="tests.test_f23o_preference_corpus_r6" name="test_v7_diagnosis_is_deterministic_and_result_only" time="0.005" /><testcase classname="tests.test_f23o_preference_corpus_r6" name="test_r6_plan_is_frozen_and_rebuild_contract_is_stable" time="0.006" /><testcase classname="tests.test_f23o_preference_corpus_r6" name="test_lineage_split_and_family_native_witnesses_are_deterministic" time="0.005" /><testcase classname="tests.test_f23o_preference_corpus_r6" name="test_exact_certificates_are_complete_balanced_and_unresolved_never_strong" time="0.005" /><testcase classname="tests.test_f23o_preference_corpus_r6" name="test_combined_gate_and_leakage_accounting_are_exposed" time="0.004" /><testcase classname="tests.test_f23o_preference_corpus_r6" name="test_historical_v1_to_v7_and_capability_artifacts_remain_unchanged" time="0.002" /><testcase classname="tests.test_f23o_preference_corpus_r6" name="test_v8_builder_is_reference_only_and_does_not_open_forbidden_sources" time="0.000" /><testcase classname="tests.test_f23p_reference_corpus_r7" name="test_v8_diagnosis_and_r7_plan_are_frozen" time="0.012" /><testcase classname="tests.test_f23p_reference_corpus_r7" name="test_lineage_derivation_and_split_are_not_hash_targeted" time="0.005" /><testcase classname="tests.test_f23p_reference_corpus_r7" name="test_unknown_horizon_cases_do_not_count_as_stable" time="0.005" /><testcase classname="tests.test_f23p_reference_corpus_r7" name="test_observed_collision_is_retained_but_residual_leakage_is_zero" time="0.008" /><testcase classname="tests.test_f23p_reference_corpus_r7" name="test_v9_gate_and_historical_integrity_are_exposed" time="0.006" /><testcase classname="tests.test_f23q_reference_corpus_r8" name="test_r8_plan_and_v9_diagnosis_are_frozen" time="0.005" /><testcase classname="tests.test_f23q_reference_corpus_r8" name="test_v10_preserves_history_and_carries_corrected_overlay" time="0.026" /><testcase classname="tests.test_f23q_reference_corpus_r8" name="test_r8_lineages_are_derived_from_canonical_keys_and_split_without_targeting" time="0.020" /><testcase classname="tests.test_f23q_reference_corpus_r8" name="test_v10_gate_and_next_boundary_expose_horizon_blocker" time="0.020" /><testcase classname="tests.test_f23r_horizon_certification" name="test_three_valued_tree_oracle_is_sound_for_every_unknown_assignment" time="0.000" /><testcase classname="tests.test_f23r_horizon_certification" name="test_tree_oracle_short_circuits_known_winning_and_losing_branches" time="0.000" /><testcase classname="tests.test_f23r_horizon_certification" name="test_f23r_fixture_certifies_the_frozen_v10_set_without_contradiction" time="0.029" /><testcase classname="tests.test_f23r_horizon_certification_r1" name="test_first_pass_f23r_evidence_is_untouched" time="0.006" /><testcase classname="tests.test_f23r_horizon_certification_r1" name="test_pure_tree_is_complete_for_independent_u1_u2_leaves" time="0.000" /><testcase classname="tests.test_f23r_horizon_certification_r1" name="test_real_engine_fixtures_a_to_g" time="0.015" /><testcase classname="tests.test_f23r_horizon_certification_r1" name="test_tt_and_traversal_order_preserve_engine_certificates" time="0.033" /><testcase classname="tests.test_f23r_horizon_certification_r1" name="test_proof_local_short_circuit_discards_irrelevant_max_ply_causes" time="0.000" /><testcase classname="tests.test_f23r_horizon_certification_r1" name="test_f23q_secondary_evidence_has_precedence_over_unresolved_abstraction" time="0.032" /><testcase classname="tests.test_f23r_horizon_certification_r1" name="test_corrective_fixture_reconciles_all_42_roots_and_retains_evidence" time="0.039" /><testcase classname="tests.test_f23r_horizon_certification_r2" name="test_synthetic_ladder_reconciliation_preserves_provenance" time="0.000" /><testcase classname="tests.test_f23r_horizon_certification_r2" name="test_r2_fixture_uses_development_only_quality_and_preserves_r1" time="0.055" /><testcase classname="tests.test_f23s_natural_terminal_corpus_r9" name="test_r9_plan_is_frozen_and_deterministic" time="0.006" /><testcase classname="tests.test_f23s_natural_terminal_corpus_r9" name="test_r9_split_and_source_hash_contracts" time="0.008" /><testcase classname="tests.test_f23s_natural_terminal_corpus_r9" name="test_v11_excludes_historical_v10_supervision_and_requires_abstract_certificates" time="0.025" /><testcase classname="tests.test_f23s_natural_terminal_corpus_r9" name="test_v11_gate_and_next_boundary_are_explicit" time="0.007" /><testcase classname="tests.test_f23t_natural_terminal_corpus_r10" name="test_r9_diagnosis_records_historical_runner_and_strict_witness_gap" time="0.000" /><testcase classname="tests.test_f23t_natural_terminal_corpus_r10" name="test_r10_plan_uses_structural_descriptor_lineage_without_display_id" time="0.002" /><testcase classname="tests.test_f23t_natural_terminal_corpus_r10" name="test_v12_excludes_v10_v11_and_requires_strict_abstract_supervision" time="0.033" /><testcase classname="tests.test_f23t_natural_terminal_corpus_r10" name="test_v12_full_and_signal_gates_are_explicitly_failed_and_boundary_is_reassessment" time="0.012" /><testcase classname="tests.test_f23u_supervision_strategy" name="test_f23u_is_diagnostic_and_preserves_v12" time="0.069" /><testcase classname="tests.test_f23u_supervision_strategy" name="test_f23u_corrects_r10_witness_and_metadata_free_orbits" time="0.087" /><testcase classname="tests.test_f23u_supervision_strategy" name="test_f23u_historical_table_and_strategy_are_fixed" time="0.070" /><testcase classname="tests.test_f23u_supervision_strategy" name="test_f23u_architecture_audit_has_no_missing_primitive" time="0.163" /><testcase classname="tests.test_f23v_minimal_analytic_evaluator" name="test_f23v_fixture_records_failure_without_lowering_gates" time="0.001" /><testcase classname="tests.test_f23v_minimal_analytic_evaluator" name="test_f23v_contract_and_mixed_mechanics" time="0.020" /><testcase classname="tests.test_f23v_minimal_analytic_evaluator_r1" name="test_r1_frozen_mechanic_active_plan_reports_insufficient_exact_coverage" time="0.001" /><testcase classname="tests.test_f23v_minimal_analytic_evaluator_r1" name="test_r1_authoritative_child_terminal_recapture_and_pairwise_contracts" time="0.006" /><testcase classname="tests.test_f23v_minimal_analytic_evaluator_r1" name="test_r1_semantic_authority_and_five_feature_invariance" time="0.035" /><testcase classname="tests.test_f23v_minimal_analytic_evaluator_r2" name="test_r2_uses_exact_eight_second_admission_and_stops_phase_a" time="0.001" /><testcase classname="tests.test_f23v_minimal_analytic_evaluator_r2" name="test_r2_runs_abstraction_despite_global_max_ply_diagnostic" time="0.001" /><testcase classname="tests.test_f23v_minimal_analytic_evaluator_r2" name="test_r2_enforces_structural_preflight_without_replacing_frozen_plan" time="0.001" /><testcase classname="tests.test_f23w_evaluator_strategy_r2" name="test_f23w_selects_layered_validation_and_preserves_frozen_evidence" time="0.000" /><testcase classname="tests.test_f23w_evaluator_strategy_r2" name="test_f23w_contract_matrix_context_and_preregistered_shadow" time="0.000" /><testcase classname="tests.test_f23x_metamorphic_shogi_shadow" name="test_f23x_phase_a_is_exactly_ten_contracts_and_passes" time="0.001" /><testcase classname="tests.test_f23x_metamorphic_shogi_shadow" name="test_f23x_phase_b_records_real_gate_failures_without_production_change" time="0.001" /><testcase classname="tests.test_f23x_metamorphic_shogi_shadow" name="test_f23x_candidate_is_audit_only_and_has_five_consumers" time="0.005" /><testcase classname="tests.test_f23x_metamorphic_shogi_shadow_r1" name="test_r1_executes_all_ten_contracts_from_actual_before_after_states" time="0.002" /><testcase classname="tests.test_f23x_metamorphic_shogi_shadow_r1" name="test_r1_hoists_profile_and_preserves_first_pass_artifacts" time="0.002" /><testcase classname="tests.test_f23x_metamorphic_shogi_shadow_r1" name="test_r1_records_incomplete_node_quality_without_inventing_rank_or_quality" time="0.001" /><testcase classname="tests.test_f23x_metamorphic_shogi_shadow_r1" name="test_r1_fixed_time_matrix_is_complete_and_costs_are_decomposed" time="0.001" /><testcase classname="tests.test_f23y_context_performance" name="test_f23y_preflight_proves_m9_and_contract_specific_renaming" time="0.002" /><testcase classname="tests.test_f23y_context_performance" name="test_f23y_p1_has_exact_semantic_and_mathematical_parity" time="0.002" /><testcase classname="tests.test_f23y_context_performance" name="test_f23y_records_performance_and_quality_boundaries_honestly" time="0.002" /><testcase classname="tests.test_f23z_evaluator_representation" name="test_f23z_records_the_accepted_f23y_ledger_and_current_responsibilities" time="0.000" /><testcase classname="tests.test_f23z_evaluator_representation" name="test_f23z_strategy_matrix_and_cheap_inputs_are_deterministic" time="0.000" /><testcase classname="tests.test_f23z_evaluator_representation" name="test_f23z_freezes_a_bounded_f24a_without_implementing_it" time="0.000" /><testcase classname="tests.test_f24a_minimal_cheap_evaluator" name="test_f24a_freezes_four_terms_and_passes_preflight" time="0.001" /><testcase classname="tests.test_f24a_minimal_cheap_evaluator" name="test_f24a_micro_gate_and_boundary_are_recorded_without_lowering_gates" time="0.001" /><testcase classname="tests.test_f24a_minimal_cheap_evaluator" name="test_f24a_preserves_prior_evidence_and_keeps_production_untouched" time="0.001" /><testcase classname="tests.test_f24c_mixed_mechanic_certification" name="test_victim_disposition_is_target_family_sensitive_across_capturers" time="0.008" /><testcase classname="tests.test_f24c_mixed_mechanic_certification" name="test_simultaneous_root_has_active_capture_drop_promotion_and_path" time="0.010" /><testcase classname="tests.test_f24c_mixed_mechanic_certification" name="test_family_c_path_predicate_is_exact[0-False]" time="0.005" /><testcase classname="tests.test_f24c_mixed_mechanic_certification" name="test_family_c_path_predicate_is_exact[1-True]" time="0.005" /><testcase classname="tests.test_f24c_mixed_mechanic_certification" name="test_family_c_path_predicate_is_exact[2-False]" time="0.006" /><testcase classname="tests.test_f24c_mixed_mechanic_certification" name="test_roundtrip_fingerprint_and_runtime_push_pop_are_stable" time="0.007" /><testcase classname="tests.test_f24c_mixed_mechanic_certification" name="test_type_id_renaming_preserves_action_shapes_and_disposition" time="0.042" /><testcase classname="tests.test_f24c_mixed_mechanic_certification" name="test_native_mode_is_recorded_without_changing_python_authority" time="0.005" /><testcase classname="tests.test_f24c_mixed_mechanic_certification" name="test_mixed_semantic_capture_promotion_and_drop_keep_f24b_tactical_parity" time="0.045" /><testcase classname="tests.test_f24c_mixed_mechanic_certification_r1" name="test_every_simultaneous_public_action_roundtrips_without_collision" time="0.054" /><testcase classname="tests.test_f24c_mixed_mechanic_certification_r1" name="test_ruleset_roundtrip_has_behavioral_equivalence_at_simultaneous_root" time="0.017" /><testcase classname="tests.test_f24c_mixed_mechanic_certification_r1" name="test_full_type_rename_preserves_simultaneous_shapes_and_children" time="0.025" /><testcase classname="tests.test_f24c_mixed_mechanic_certification_r1" name="test_representative_mechanic_runtime_push_pop[hand_capture-entries0-hands0-capture_A0_A0-hand]" time="0.006" /><testcase classname="tests.test_f24c_mixed_mechanic_certification_r1" name="test_representative_mechanic_runtime_push_pop[remove_capture-entries1-hands1-capture_A0_B0-remove]" time="0.007" /><testcase classname="tests.test_f24c_mixed_mechanic_certification_r1" name="test_representative_mechanic_runtime_push_pop[promoted_A_victim-entries2-hands2-capture_B0_A0-hand]" time="0.032" /><testcase classname="tests.test_f24c_mixed_mechanic_certification_r1" name="test_representative_mechanic_runtime_push_pop[promoted_B_victim-entries3-hands3-capture_A0_B0-remove]" time="0.006" /><testcase classname="tests.test_f24c_mixed_mechanic_certification_r1" name="test_representative_mechanic_runtime_push_pop[drop-entries4-hands4-drop_A0-drop]" time="0.006" /><testcase classname="tests.test_f24c_mixed_mechanic_certification_r1" name="test_representative_mechanic_runtime_push_pop[promote_A-entries5-hands5-advance_A0-promote_a]" time="0.006" /><testcase classname="tests.test_f24c_mixed_mechanic_certification_r1" name="test_representative_mechanic_runtime_push_pop[promote_B-entries6-hands6-advance_B0-promote_b]" time="0.006" /><testcase classname="tests.test_f24c_mixed_mechanic_certification_r1" name="test_representative_mechanic_runtime_push_pop[path-entries7-hands7-capture_C0_C0_path-remove]" time="0.006" /><testcase classname="tests.test_f24c_mixed_mechanic_certification_r1" name="test_representative_mechanic_runtime_push_pop[quiet-entries8-hands8-advance_A0-quiet]" time="0.006" /><testcase classname="tests.test_f24c_mixed_mechanic_certification_r1" name="test_nested_sibling_isolation_and_stale_action_rollback" time="0.007" /><testcase classname="tests.test_f24c_mixed_mechanic_certification_r1" name="test_repetition_cycle_reaches_authoritative_limit_and_pops" time="0.009" /><testcase classname="tests.test_f24c_mixed_mechanic_certification_r1" name="test_max_ply_boundary_is_authoritative_and_reversible" time="0.006" /><testcase classname="tests.test_f24c_mixed_mechanic_certification_r1" name="test_eight_state_mixed_search_smoke_is_deterministic_at_128_and_512" time="2.099" /><testcase classname="tests.test_f24d_western_chess_perft" name="test_f24d_preflight_compiles_castling_en_passant_and_promotion_shapes" time="0.065" /><testcase classname="tests.test_f24d_western_chess_perft" name="test_f24d_preflight_records_source_binding_gap_before_perft" time="0.031" /><testcase classname="tests.test_f24d_western_chess_perft" name="test_f24e_source_bound_pawn_matrix_and_owner_mirror" time="0.023" /><testcase classname="tests.test_f24d_western_chess_perft" name="test_f24e_castling_preflight_binds_king_guard_to_action_source" time="0.017" /><testcase classname="tests.test_f24f_western_chess_perft" name="test_f24f_complete_shape_initial_legal_count_and_capture_disposition" time="0.102" /><testcase classname="tests.test_f24f_western_chess_perft" name="test_f24f_pawn_contract_and_owner_mirror" time="0.053" /><testcase classname="tests.test_f24f_western_chess_perft" name="test_f24f_promotion_variants_and_public_action_identity_round_trip" time="0.028" /><testcase classname="tests.test_f24f_western_chess_perft" name="test_f24f_en_passant_lifecycle_and_push_pop" time="0.069" /><testcase classname="tests.test_f24f_western_chess_perft" name="test_f24f_castling_rights_rook_presence_path_and_attack_safety" time="0.036" /><testcase classname="tests.test_f24f_western_chess_perft" name="test_f24f_ruleset_round_trip_fingerprint_and_subject_refs" time="0.094" /><testcase classname="tests.test_f24f_western_chess_perft" name="test_f24f_fen_loader_and_action_round_trip_are_deterministic" time="0.029" /><testcase classname="tests.test_f24f_western_chess_perft" name="test_f24f_mandatory_perft_one_shot" time="14.215"><failure message="Failed: first F24F mismatch label=kiwipete depth=1 actual=45 expected=48 divide={&quot;SemanticAction(pattern_id='sem_00_k_quiet', source=4, target=5, promotion_target_id=None, actor_type='K', geometry_id='g10')&quot;: 1, &quot;SemanticAction(pattern_id='sem_00_k_quiet', source=4, target=3, promotion_target_id=None, actor_type='K', geometry_id='g5')&quot;: 1, &quot;SemanticAction(pattern_id='sem_02_n_quiet', source=18, target=33, promotion_target_id=None, actor_type='N', geometry_id='g14')&quot;: 1, &quot;SemanticAction(pattern_id='sem_02_n_quiet', source=18, target=24, promotion_target_id=None, actor_type='N', geometry_id='g15')&quot;: 1, &quot;SemanticAction(pattern_id='sem_02_n_quiet', source=18, target=3, promotion_target_id=None, actor_type='N', geometry_id='g16')&quot;: 1, &quot;SemanticAction(pattern_id='sem_02_n_quiet', source=18, target=1, promotion_target_id=None, actor_type='N', geometry_id='g18')&quot;: 1, &quot;SemanticAction(pattern_id='sem_02_n_quiet', source=21, target=38, promotion_target_id=None, actor_type='N', geometry_id='g12')&quot;: 1, &quot;SemanticAction(pattern_id='sem_02_n_quiet', source=21, target=31, promotion_target_id=None, actor_type='N', geometry_id='g13')&quot;: 1, &quot;SemanticAction(pattern_id='sem_02_n_quiet', source=21, target=36, promotion_target_id=None, actor_type='N', geometry_id='g14')&quot;: 1, &quot;SemanticAction(pattern_id='sem_02_n_quiet', source=21, target=27, promotion_target_id=None, actor_type='N', geometry_id='g15')&quot;: 1, &quot;SemanticAction(pattern_id='sem_02_n_quiet', source=21, target=6, promotion_target_id=None, actor_type='N', geometry_id='g16')&quot;: 1, &quot;SemanticAction(pattern_id='sem_04_b_quiet', source=11, target=20, promotion_target_id=None, actor_type='B', geometry_id='g0')&quot;: 1, &quot;SemanticAction(pattern_id='sem_04_b_quiet', source=11, target=29, promotion_target_id=None, actor_type='B', geometry_id='g0')&quot;: 1, &quot;SemanticAction(pattern_id='sem_04_b_quiet', source=11, target=38, promotion_target_id=None, actor_type='B', geometry_id='g0')&quot;: 1, &quot;SemanticAction(pattern_id='sem_04_b_quiet', source=11, target=47, promotion_target_id=None, actor_type='B', geometry_id='g0')&quot;: 1, &quot;SemanticAction(pattern_id='sem_04_b_quiet', source=11, target=2, promotion_target_id=None, actor_type='B', geometry_id='g3')&quot;: 1, &quot;SemanticAction(pattern_id='sem_04_b_quiet', source=12, target=19, promotion_target_id=None, actor_type='B', geometry_id='g1')&quot;: 1, &quot;SemanticAction(pattern_id='sem_04_b_quiet', source=12, target=26, promotion_target_id=None, actor_type='B', geometry_id='g1')&quot;: 1, &quot;SemanticAction(pattern_id='sem_04_b_quiet', source=12, target=33, promotion_target_id=None, actor_type='B', geometry_id='g1')&quot;: 1, &quot;SemanticAction(pattern_id='sem_04_b_quiet', source=12, target=5, promotion_target_id=None, actor_type='B', geometry_id='g2')&quot;: 1, &quot;SemanticAction(pattern_id='sem_04_b_quiet', source=12, target=3, promotion_target_id=None, actor_type='B', geometry_id='g3')&quot;: 1, &quot;SemanticAction(pattern_id='sem_05_b_capture', source=12, target=40, promotion_target_id=None, actor_type='B', geometry_id='g1')&quot;: 1, &quot;SemanticAction(pattern_id='sem_06_r_quiet', source=0, target=1, promotion_target_id=None, actor_type='R', geometry_id='g28')&quot;: 1, &quot;SemanticAction(pattern_id='sem_06_r_quiet', source=0, target=2, promotion_target_id=None, actor_type='R', geometry_id='g28')&quot;: 1, &quot;SemanticAction(pattern_id='sem_06_r_quiet', source=0, target=3, promotion_target_id=None, actor_type='R', geometry_id='g28')&quot;: 1, &quot;SemanticAction(pattern_id='sem_06_r_quiet', source=7, target=6, promotion_target_id=None, actor_type='R', geometry_id='g29')&quot;: 1, &quot;SemanticAction(pattern_id='sem_06_r_quiet', source=7, target=5, promotion_target_id=None, actor_type='R', geometry_id='g29')&quot;: 1, &quot;SemanticAction(pattern_id='sem_08_q_quiet', source=10, target=2, promotion_target_id=None, actor_type='Q', geometry_id='g23')&quot;: 1, &quot;SemanticAction(pattern_id='sem_08_q_quiet', source=10, target=19, promotion_target_id=None, actor_type='Q', geometry_id='g24')&quot;: 1, &quot;SemanticAction(pattern_id='sem_08_q_quiet', source=10, target=17, promotion_target_id=None, actor_type='Q', geometry_id='g25')&quot;: 1, &quot;SemanticAction(pattern_id='sem_08_q_quiet', source=10, target=24, promotion_target_id=None, actor_type='Q', geometry_id='g25')&quot;: 1, &quot;SemanticAction(pattern_id='sem_08_q_quiet', source=10, target=3, promotion_target_id=None, actor_type='Q', geometry_id='g26')&quot;: 1, &quot;SemanticAction(pattern_id='sem_08_q_quiet', source=10, target=1, promotion_target_id=None, actor_type='Q', geometry_id='g27')&quot;: 1, &quot;SemanticAction(pattern_id='sem_10_pawn_one_step', source=8, target=16, promotion_target_id=None, actor_type='P', geometry_id='g33')&quot;: 1, &quot;SemanticAction(pattern_id='sem_10_pawn_one_step', source=9, target=17, promotion_target_id=None, actor_type='P', geometry_id='g33')&quot;: 1, &quot;SemanticAction(pattern_id='sem_10_pawn_one_step', source=14, target=22, promotion_target_id=None, actor_type='P', geometry_id='g33')&quot;: 1, &quot;SemanticAction(pattern_id='sem_10_pawn_one_step', source=15, target=23, promotion_target_id=None, actor_type='P', geometry_id='g33')&quot;: 1, &quot;SemanticAction(pattern_id='sem_10_pawn_one_step', source=28, target=36, promotion_target_id=None, actor_type='P', geometry_id='g33')&quot;: 1, &quot;SemanticAction(pattern_id='sem_10_pawn_one_step', source=35, target=43, promotion_target_id=None, actor_type='P', geometry_id='g33')&quot;: 1, &quot;SemanticAction(pattern_id='sem_11_pawn_double_step', source=8, target=24, promotion_target_id=None, actor_type='P', geometry_id='g34')&quot;: 1, &quot;SemanticAction(pattern_id='sem_11_pawn_double_step', source=14, target=30, promotion_target_id=None, actor_type='P', geometry_id='g34')&quot;: 1, &quot;SemanticAction(pattern_id='sem_11_pawn_double_step', source=15, target=31, promotion_target_id=None, actor_type='P', geometry_id='g34')&quot;: 1, &quot;SemanticAction(pattern_id='sem_12_pawn_capture_right', source=35, target=44, promotion_target_id=None, actor_type='P', geometry_id='g35')&quot;: 1, &quot;SemanticAction(pattern_id='sem_16_castle_w_ks', source=4, target=6, promotion_target_id=None, actor_type='K', geometry_id='g39')&quot;: 1, &quot;SemanticAction(pattern_id='sem_17_castle_w_qs', source=4, target=2, promotion_target_id=None, actor_type='K', geometry_id='g40')&quot;: 1}">E   Failed: first F24F mismatch label=kiwipete depth=1 actual=45 expected=48 divide={"SemanticAction(pattern_id='sem_00_k_quiet', source=4, target=5, promotion_target_id=None, actor_type='K', geometry_id='g10')": 1, "SemanticAction(pattern_id='sem_00_k_quiet', source=4, target=3, promotion_target_id=None, actor_type='K', geometry_id='g5')": 1, "SemanticAction(pattern_id='sem_02_n_quiet', source=18, target=33, promotion_target_id=None, actor_type='N', geometry_id='g14')": 1, "SemanticAction(pattern_id='sem_02_n_quiet', source=18, target=24, promotion_target_id=None, actor_type='N', geometry_id='g15')": 1, "SemanticAction(pattern_id='sem_02_n_quiet', source=18, target=3, promotion_target_id=None, actor_type='N', geometry_id='g16')": 1, "SemanticAction(pattern_id='sem_02_n_quiet', source=18, target=1, promotion_target_id=None, actor_type='N', geometry_id='g18')": 1, "SemanticAction(pattern_id='sem_02_n_quiet', source=21, target=38, promotion_target_id=None, actor_type='N', geometry_id='g12')": 1, "SemanticAction(pattern_id='sem_02_n_quiet', source=21, target=31, promotion_target_id=None, actor_type='N', geometry_id='g13')": 1, "SemanticAction(pattern_id='sem_02_n_quiet', source=21, target=36, promotion_target_id=None, actor_type='N', geometry_id='g14')": 1, "SemanticAction(pattern_id='sem_02_n_quiet', source=21, target=27, promotion_target_id=None, actor_type='N', geometry_id='g15')": 1, "SemanticAction(pattern_id='sem_02_n_quiet', source=21, target=6, promotion_target_id=None, actor_type='N', geometry_id='g16')": 1, "SemanticAction(pattern_id='sem_04_b_quiet', source=11, target=20, promotion_target_id=None, actor_type='B', geometry_id='g0')": 1, "SemanticAction(pattern_id='sem_04_b_quiet', source=11, target=29, promotion_target_id=None, actor_type='B', geometry_id='g0')": 1, "SemanticAction(pattern_id='sem_04_b_quiet', source=11, target=38, promotion_target_id=None, actor_type='B', geometry_id='g0')": 1, "SemanticAction(pattern_id='sem_04_b_quiet', source=11, target=47, promotion_target_id=None, actor_type='B', geometry_id='g0')": 1, "SemanticAction(pattern_id='sem_04_b_quiet', source=11, target=2, promotion_target_id=None, actor_type='B', geometry_id='g3')": 1, "SemanticAction(pattern_id='sem_04_b_quiet', source=12, target=19, promotion_target_id=None, actor_type='B', geometry_id='g1')": 1, "SemanticAction(pattern_id='sem_04_b_quiet', source=12, target=26, promotion_target_id=None, actor_type='B', geometry_id='g1')": 1, "SemanticAction(pattern_id='sem_04_b_quiet', source=12, target=33, promotion_target_id=None, actor_type='B', geometry_id='g1')": 1, "SemanticAction(pattern_id='sem_04_b_quiet', source=12, target=5, promotion_target_id=None, actor_type='B', geometry_id='g2')": 1, "SemanticAction(pattern_id='sem_04_b_quiet', source=12, target=3, promotion_target_id=None, actor_type='B', geometry_id='g3')": 1, "SemanticAction(pattern_id='sem_05_b_capture', source=12, target=40, promotion_target_id=None, actor_type='B', geometry_id='g1')": 1, "SemanticAction(pattern_id='sem_06_r_quiet', source=0, target=1, promotion_target_id=None, actor_type='R', geometry_id='g28')": 1, "SemanticAction(pattern_id='sem_06_r_quiet', source=0, target=2, promotion_target_id=None, actor_type='R', geometry_id='g28')": 1, "SemanticAction(pattern_id='sem_06_r_quiet', source=0, target=3, promotion_target_id=None, actor_type='R', geometry_id='g28')": 1, "SemanticAction(pattern_id='sem_06_r_quiet', source=7, target=6, promotion_target_id=None, actor_type='R', geometry_id='g29')": 1, "SemanticAction(pattern_id='sem_06_r_quiet', source=7, target=5, promotion_target_id=None, actor_type='R', geometry_id='g29')": 1, "SemanticAction(pattern_id='sem_08_q_quiet', source=10, target=2, promotion_target_id=None, actor_type='Q', geometry_id='g23')": 1, "SemanticAction(pattern_id='sem_08_q_quiet', source=10, target=19, promotion_target_id=None, actor_type='Q', geometry_id='g24')": 1, "SemanticAction(pattern_id='sem_08_q_quiet', source=10, target=17, promotion_target_id=None, actor_type='Q', geometry_id='g25')": 1, "SemanticAction(pattern_id='sem_08_q_quiet', source=10, target=24, promotion_target_id=None, actor_type='Q', geometry_id='g25')": 1, "SemanticAction(pattern_id='sem_08_q_quiet', source=10, target=3, promotion_target_id=None, actor_type='Q', geometry_id='g26')": 1, "SemanticAction(pattern_id='sem_08_q_quiet', source=10, target=1, promotion_target_id=None, actor_type='Q', geometry_id='g27')": 1, "SemanticAction(pattern_id='sem_10_pawn_one_step', source=8, target=16, promotion_target_id=None, actor_type='P', geometry_id='g33')": 1, "SemanticAction(pattern_id='sem_10_pawn_one_step', source=9, target=17, promotion_target_id=None, actor_type='P', geometry_id='g33')": 1, "SemanticAction(pattern_id='sem_10_pawn_one_step', source=14, target=22, promotion_target_id=None, actor_type='P', geometry_id='g33')": 1, "SemanticAction(pattern_id='sem_10_pawn_one_step', source=15, target=23, promotion_target_id=None, actor_type='P', geometry_id='g33')": 1, "SemanticAction(pattern_id='sem_10_pawn_one_step', source=28, target=36, promotion_target_id=None, actor_type='P', geometry_id='g33')": 1, "SemanticAction(pattern_id='sem_10_pawn_one_step', source=35, target=43, promotion_target_id=None, actor_type='P', geometry_id='g33')": 1, "SemanticAction(pattern_id='sem_11_pawn_double_step', source=8, target=24, promotion_target_id=None, actor_type='P', geometry_id='g34')": 1, "SemanticAction(pattern_id='sem_11_pawn_double_step', source=14, target=30, promotion_target_id=None, actor_type='P', geometry_id='g34')": 1, "SemanticAction(pattern_id='sem_11_pawn_double_step', source=15, target=31, promotion_target_id=None, actor_type='P', geometry_id='g34')": 1, "SemanticAction(pattern_id='sem_12_pawn_capture_right', source=35, target=44, promotion_target_id=None, actor_type='P', geometry_id='g35')": 1, "SemanticAction(pattern_id='sem_16_castle_w_ks', source=4, target=6, promotion_target_id=None, actor_type='K', geometry_id='g39')": 1, "SemanticAction(pattern_id='sem_17_castle_w_qs', source=4, target=2, promotion_target_id=None, actor_type='K', geometry_id='g40')": 1}</failure></testcase><testcase classname="tests.test_f24g_canonical_western_perft" name="test_f24g_preserves_f24f_artifacts_and_canonical_manifest" time="0.000" /><testcase classname="tests.test_f24g_canonical_western_perft" name="test_f24g_loader_sanity_and_expected_f24f_error_classification" time="0.048" /><testcase classname="tests.test_f24g_canonical_western_perft" name="test_f24g_en_passant_discovered_line_and_safe_control" time="0.016" /><testcase classname="tests.test_f24g_canonical_western_perft" name="test_f24g_castling_rights_loss_after_king_and_rook_round_trips" time="0.021" /><testcase classname="tests.test_f24g_canonical_western_perft" name="test_f24g_original_rook_capture_and_replacement_does_not_restore_right" time="0.017" /><testcase classname="tests.test_f24g_canonical_western_perft" name="test_f24g_terminal_king_adjacency_and_search_runtime_special_move" time="0.044" /><testcase classname="tests.test_f24g_canonical_western_perft" name="test_f24g_ruleset_round_trip_keeps_canonical_initial_actions" time="0.080" /><testcase classname="tests.test_f24g_canonical_western_perft" name="test_f24g_canonical_perft_one_shot" time="33.057" /><testcase classname="tests.test_f24h_western_search_baseline" name="test_f24h_baseline_fixture_is_complete_and_passed" time="0.001" /><testcase classname="tests.test_f25_standard_shogi_search_baseline" name="test_f25_descriptor_and_baseline_integrity" time="0.001" /><testcase classname="tests.test_f27_declaration_integration" name="test_product_session_declaration_is_terminal_and_replayable[31-WIN]" time="0.084" /><testcase classname="tests.test_f27_declaration_integration" name="test_product_session_declaration_is_terminal_and_replayable[24-RESTART]" time="0.081" /><testcase classname="tests.test_f27_declaration_integration" name="test_product_session_declaration_is_terminal_and_replayable[23-LOSS]" time="0.093" /><testcase classname="tests.test_f27_declaration_integration" name="test_product_session_rejects_wrong_owner_and_unknown_but_allows_failed_claim" time="0.086" /><testcase classname="tests.test_f27_declaration_integration" name="test_alphabeta_returns_product_shogi_declaration_without_action" time="0.255" /><testcase classname="tests.test_f27_declaration_integration" name="test_restart_is_a_floor_and_actions_win_ties[False-1-DECLARATION]" time="0.034" /><testcase classname="tests.test_f27_declaration_integration" name="test_restart_is_a_floor_and_actions_win_ties[False-0-ACTION]" time="0.059" /><testcase classname="tests.test_f27_declaration_integration" name="test_restart_is_a_floor_and_actions_win_ties[True-1-DECLARATION]" time="0.033" /><testcase classname="tests.test_f27_declaration_integration" name="test_restart_is_a_floor_and_actions_win_ties[True-0-ACTION]" time="0.041" /><testcase classname="tests.test_f27_declaration_integration" name="test_repeated_tt_root_preserves_restart_declaration_identity" time="0.034" /><testcase classname="tests.test_f27_declaration_integration" name="test_qsearch_declaration_outcomes_are_terminal_or_floor_values" time="0.046" /><testcase classname="tests.test_f27_declaration_integration" name="test_runtime_qsearch_declaration_outcomes_match_direct_path" time="0.018" /><testcase classname="tests.test_f27_declaration_integration" name="test_f27r1_results_fixture_has_all_repeats_and_f25_zero_option_parity" time="0.003" /><testcase classname="tests.test_f27_declaration_integration" name="test_descendant_declaration_win_is_seen_by_parent_search[False]" time="0.032" /><testcase classname="tests.test_f27_declaration_integration" name="test_descendant_declaration_win_is_seen_by_parent_search[True]" time="0.065" /><testcase classname="tests.test_f27_declaration_integration" name="test_descendant_declaration_restart_is_a_zero_game_result" time="0.034" /><testcase classname="tests.test_f27_declaration_integration" name="test_f27r2_fixture_freezes_provenance_repeats_and_parity" time="0.003" /><testcase classname="tests.test_f27_declaration_integration" name="test_initial_product_shogi_has_only_ordinary_actions_and_cli_commands" time="0.179" /><testcase classname="tests.test_f27_declaration_integration" name="test_v2_rejects_a_tampered_declaration_marker" time="0.084" /><testcase classname="tests.test_f30_alphasho_reference" name="test_f30_audit_contract_is_read_only_and_bounded" time="0.000" /><testcase classname="tests.test_f30_alphasho_reference" name="test_f30_frozen_descriptor_and_reference_contract" time="0.000" /><testcase classname="tests.test_f30_alphasho_reference" name="test_f30_recorded_benchmark_is_complete_and_no_technical_failures" time="0.001" /><testcase classname="tests.test_f30r1_alphasho_reference" name="test_f30r1_manifest_and_protocol_contract" time="0.000" /><testcase classname="tests.test_f30r1_alphasho_reference" name="test_f30r1_evidence_is_manifest_bound_and_complete" time="0.002" /><testcase classname="tests.test_f31_gap_causal" name="test_f31_manifest_contract_is_audit_only" time="0.000" /><testcase classname="tests.test_f31_gap_causal" name="test_f31_evidence_is_optional_before_stage_b_and_bound_afterwards" time="0.003" /><testcase classname="tests.test_f31r1_counterfactual_reclassification" name="test_f31r1_preserves_first_pass_and_uses_counterfactual_effects" time="0.000" /><testcase classname="tests.test_f32_qsearch_diagnosis" name="test_f32_qsearch_diagnosis_contract" time="0.002" /><testcase classname="tests.test_f32r1_qsearch_exact_counterfactual" name="test_f32r1_executable_counterfactual_is_published_evidence" time="0.001" /><testcase classname="tests.test_f32r1_qsearch_exact_counterfactual" name="test_f32r1_parity_and_derived_boundary_are_gate_backed" time="0.001" /><testcase classname="tests.test_f32r1_qsearch_exact_counterfactual" name="test_f32r1_exact_classifier_covers_required_categories_and_witnesses" time="0.001" /><testcase classname="tests.test_f33_check_discovery" name="test_f33_h33a_audit_is_complete_without_production_change" time="0.001" /><testcase classname="tests.test_f33_check_discovery" name="test_f33_candidates_pass_exact_parity_and_fail_only_retention_gate" time="0.001" /><testcase classname="tests.test_f33_check_discovery" name="test_f33_discovery_counts_and_history_fallbacks_are_recorded" time="0.001" /><testcase classname="tests.test_f33r1_retention_gate" name="test_f33r1_repeated_retention_gate_contract" time="0.001" /><testcase classname="tests.test_f34_qsearch_budget" name="test_f34_budget_architecture_selection_is_frozen" time="0.001" /><testcase classname="tests.test_f35_first_iteration_reserve" name="test_f35_first_iteration_reserve_is_retained_with_frozen_gates" time="0.001" /><testcase classname="tests.test_f35r1_reserve_only" name="test_f35r1_is_reserve_only_and_retained" time="0.001" /><testcase classname="tests.test_f36_post_reserve_diagnosis" name="test_f36_post_reserve_diagnosis_is_frozen_and_selects_one_boundary" time="0.001" /><testcase classname="tests.test_f37_evaluator_reentry" name="test_f37_manifest_and_production_scope" time="0.036" /><testcase classname="tests.test_f37_evaluator_reentry" name="test_f37_decomposition_and_static_gates" time="0.002" /><testcase classname="tests.test_f37_evaluator_reentry" name="test_f37_search_gates_and_selection" time="0.001" /><testcase classname="tests.test_f37r1_gate_recertification" name="test_f37r1_preserves_original_evidence_and_recertifies_gate" time="0.000" /><testcase classname="tests.test_f37r1_gate_recertification" name="test_f37r1_production_scope" time="0.034" /><testcase classname="tests.test_f38_activity_anchor_protocol" name="test_h38a_manifest_and_holdout_are_frozen_without_production_change" time="0.001" /><testcase classname="tests.test_f38_activity_anchor_protocol" name="test_h38a_selection_rows_are_protocol_bound" time="0.000" /><testcase classname="tests.test_f38_activity_anchor_protocol" name="test_h38a_production_scope" time="0.034" /><testcase classname="tests.test_f38_activity_anchor_prototype" name="test_f38_prototype_identity_and_scope" time="0.000" /><testcase classname="tests.test_f38_activity_anchor_prototype" name="test_f38_holdout_and_selection_are_recorded" time="0.001" /><testcase classname="tests.test_f38_activity_anchor_prototype" name="test_f38_production_scope" time="0.035" /><testcase classname="tests.test_f38r1_frozen_r37c_search_parity" name="test_f38r1_binds_and_replays_frozen_r37c_search_exactly" time="0.001" /><testcase classname="tests.test_f38r1_frozen_r37c_search_parity" name="test_f38r1_preserves_first_pass_evidence_and_reclassifies_boundary" time="0.001" /><testcase classname="tests.test_f38r1_frozen_r37c_search_parity" name="test_f38r1_production_scope" time="0.034" /><testcase classname="tests.test_f39_generalization_corrective" name="test_f39_rank_robustness_and_component_additivity_are_certified" time="0.003" /><testcase classname="tests.test_f39_generalization_corrective" name="test_f39_diagnoses_broad_transfer_failure_without_selection" time="0.001" /><testcase classname="tests.test_f39_generalization_corrective" name="test_f39_production_scope" time="0.034" /><testcase classname="tests.test_f39_generalization_manifest" name="test_f39_manifest_freezes_inputs_rules_and_production_scope" time="0.038" /><testcase classname="tests.test_f3_corrective_r1" name="test_f3_persistent_player_tt_survives_successive_session_moves" time="0.019" /><testcase classname="tests.test_f3_corrective_r1" name="test_f3_multi_prefix_generic_draw_policy_differential" time="0.049" /><testcase classname="tests.test_f3_corrective_r1" name="test_f3_multi_prefix_continuous_check_differential" time="0.238" /><testcase classname="tests.test_f3_corrective_r1" name="test_f3_bounded_semantic_standard_shogi_differential" time="1.807" /><testcase classname="tests.test_f3_corrective_r1" name="test_f3_opaque_custom_root_skips_tt_instead_of_conflating_history" time="0.009" /><testcase classname="tests.test_f3_corrective_r1" name="test_f3_ordinary_repetition_tt_parity" time="0.010" /><testcase classname="tests.test_f3_corrective_r1" name="test_f3_independent_equal_contexts_produce_equal_keys" time="0.002" /><testcase classname="tests.test_f3_corrective_r1" name="test_f3_exception_and_sibling_rollback_restore_history_context" time="0.001" /><testcase classname="tests.test_f3_corrective_r1" name="test_f3_runtime_hash_collision_keeps_snapshot_exact_guard" time="0.001" /><testcase classname="tests.test_f3_corrective_r1" name="test_f3_fast_snapshot_equal_maps_are_path_order_independent" time="0.001" /><testcase classname="tests.test_f3_corrective_r1" name="test_f3_pvs_aspiration_research_restores_parent_history_context" time="0.027" /><testcase classname="tests.test_f3_corrective_r1" name="test_f3_qsearch_does_not_probe_tt" time="0.004" /><testcase classname="tests.test_f3_corrective_r1" name="test_f3_runtime_cost_counters_separate_snapshot_context_and_key_work" time="0.006" /><testcase classname="tests.test_f40_material_feature_manifest" name="test_f40_manifest_freezes_sources_gates_and_production_scope" time="0.036" /><testcase classname="tests.test_f40_material_feature_utilization" name="test_f40_exact_material_recomposition_and_validation_gates" time="0.000" /><testcase classname="tests.test_f40_material_feature_utilization" name="test_f40_utilization_learning_native_and_boundary_selection" time="0.001" /><testcase classname="tests.test_f40_material_feature_utilization" name="test_f40_keeps_production_scope_zero" time="0.035" /><testcase classname="tests.test_f41_semantic_material_prior" name="test_f41_semantic_source_coverage_and_pawn_omission_are_observed" time="0.690" /><testcase classname="tests.test_f41_semantic_material_prior" name="test_f41_legacy_controls_and_metamorphic_contracts_pass" time="0.696" /><testcase classname="tests.test_f41_semantic_material_prior" name="test_f41_retest_is_not_silently_qualified_when_western_bands_fail" time="0.700" /><testcase classname="tests.test_f41_semantic_material_prior" name="test_f41_shogi_uses_complete_frozen_gate_without_drop_independence_substitution" time="0.693" /><testcase classname="tests.test_f41_semantic_material_prior" name="test_f41_drop_hand_audit_and_learning_span_are_explicit" time="0.697" /><testcase classname="tests.test_f41_semantic_prior_manifest" name="test_f41_manifest_is_frozen_and_production_scoped" time="0.035" /><testcase classname="tests.test_f42_capability_prior_manifest" name="test_h42a_manifest_is_frozen_and_inputs_match" time="0.289" /><testcase classname="tests.test_f42_semantic_capability_prior" name="test_f42_reproduces_accepted_f41_before_diagnosis" time="0.851" /><testcase classname="tests.test_f42_semantic_capability_prior" name="test_component_ledger_has_complete_absolute_and_share_accounting" time="0.000" /><testcase classname="tests.test_f42_semantic_capability_prior" name="test_formula_ablations_are_frozen_counterfactuals" time="0.000" /><testcase classname="tests.test_f42_semantic_capability_prior" name="test_redundancy_and_synthetic_geometry_are_explicit" time="0.000" /><testcase classname="tests.test_f42_semantic_capability_prior" name="test_pawn_suppression_and_shogi_cross_rule_are_quantified" time="0.000" /><testcase classname="tests.test_f42_semantic_capability_prior" name="test_single_final_diagnosis_and_boundary_are_mapped" time="0.000" /><testcase classname="tests.test_f43_geometry_scaling" name="test_f43_is_frozen_counterfactual_and_has_exact_transform_set" time="4.610" /><testcase classname="tests.test_f43_geometry_scaling" name="test_g43_linear_control_exactly_reproduces_f42" time="0.000" /><testcase classname="tests.test_f43_geometry_scaling" name="test_western_pawn_ordinary_population_excludes_conditionals" time="0.000" /><testcase classname="tests.test_f43_geometry_scaling" name="test_structural_and_growth_gates_are_explicit" time="0.000" /><testcase classname="tests.test_f43_geometry_scaling" name="test_western_and_shogi_metrics_cover_every_variant" time="0.000" /><testcase classname="tests.test_f43_geometry_scaling" name="test_all_log_variants_reduce_western_inflation_but_none_qualifies" time="0.000" /><testcase classname="tests.test_f43_geometry_scaling_manifest" name="test_h43a_manifest_is_frozen_and_inputs_match" time="0.160" /><testcase classname="tests.test_f44_structural_capability" name="test_f44_baseline_and_production_boundary_are_frozen" time="2.294" /><testcase classname="tests.test_f44_structural_capability" name="test_endpoint_controls_expose_current_representation_collision" time="0.000" /><testcase classname="tests.test_f44_structural_capability" name="test_conditional_reserve_remains_separate_from_ordinary_mass" time="0.000" /><testcase classname=
[...]
est_tdleaf" name="test_hand_computed_update[checkmate-1--1.0-0.7]" time="0.000" /><testcase classname="tests.test_tdleaf" name="test_hand_computed_update[checkmate-1--1.0-1.0]" time="0.000" /><testcase classname="tests.test_tdleaf" name="test_hand_computed_update[stalemate-None-0.0-0.0]" time="0.000" /><testcase classname="tests.test_tdleaf" name="test_hand_computed_update[stalemate-None-0.0-0.7]" time="0.000" /><testcase classname="tests.test_tdleaf" name="test_hand_computed_update[stalemate-None-0.0-1.0]" time="0.000" /><testcase classname="tests.test_tdleaf" name="test_no_nan_and_normalization" time="0.000" /><testcase classname="tests.test_tdleaf" name="test_owner_zero_perspective_terminal_sign" time="0.000" /><testcase classname="tests.test_texture_preview" name="test_preview_writes_svgs_and_html" time="0.036" /><testcase classname="tests.test_texture_preview" name="test_preview_no_html_flag" time="0.024" /><testcase classname="tests.test_texture_preview" name="test_preview_out_must_be_directory" time="0.003" /><testcase classname="tests.test_texture_preview" name="test_preview_includes_random_ruleset_types" time="0.027" /><testcase classname="tests.test_textures" name="test_stability_same_inputs_same_output" time="0.000" /><testcase classname="tests.test_textures" name="test_owner_palette_differs" time="0.000" /><testcase classname="tests.test_textures" name="test_palette_center_marker_matches_side" time="0.000" /><testcase classname="tests.test_textures" name="test_center_marker_light_for_white_dark_for_black" time="0.000" /><testcase classname="tests.test_textures" name="test_svg_center_circle_side_colors" time="0.000" /><testcase classname="tests.test_textures" name="test_pawn_orientation_mirrors_for_owner1" time="0.000" /><testcase classname="tests.test_textures" name="test_svg_structure" time="0.000" /><testcase classname="tests.test_textures" name="test_ray_has_arrowheads_leap_does_not" time="0.001" /><testcase classname="tests.test_textures" name="test_category_distinctions" time="0.000" /><testcase classname="tests.test_textures" name="test_oblique_and_mixed_pieces_render_generic" time="0.000" /><testcase classname="tests.test_textures" name="test_size_parameter" time="0.000" /><testcase classname="tests.test_textures" name="test_style_override" time="0.000" /><testcase classname="tests.test_textures" name="test_empty_atoms_render_center_only" time="0.000" /><testcase classname="tests.test_textures" name="test_invalid_arguments_rejected" time="0.000" /><testcase classname="tests.test_textures" name="test_fingerprint_distinguishes_inputs" time="0.000" /><testcase classname="tests.test_ui_app" name="test_main_window_initializes_with_sample_game" time="0.077" /><testcase classname="tests.test_ui_app" name="test_board_size_and_flip_mapping" time="0.051" /><testcase classname="tests.test_ui_app" name="test_texture_cache_owner_distinct_and_cached" time="0.054" /><testcase classname="tests.test_ui_app" name="test_click_flow_updates_scene_and_status" time="0.067" /><testcase classname="tests.test_ui_app" name="test_promotion_dialog_instantiates" time="0.036" /><testcase classname="tests.test_ui_app" name="test_promotion_dialog_is_localized[en-Promotion-Choose a promotion:-Promote to G-No promotion]" time="0.036" /><testcase classname="tests.test_ui_app" name="test_promotion_dialog_is_localized[zh_CN-\u5347\u53d8-\u9009\u62e9\u5347\u53d8\uff1a-\u5347\u53d8\u4e3a G-\u4e0d\u5347\u53d8]" time="0.035" /><testcase classname="tests.test_ui_app" name="test_promotion_dialog_is_localized[ja_JP-\u6607\u683c-\u6607\u683c\u5148\u3092\u9078\u629e\uff1a-G \u306b\u6607\u683c-\u6607\u683c\u3057\u306a\u3044]" time="0.046" /><testcase classname="tests.test_ui_app" name="test_preferences_dialog_persists" time="0.038" /><testcase classname="tests.test_ui_app" name="test_new_match_dialog_is_localized[en-New Match-Current ruleset-Choose RuleSet\u2026]" time="0.036" /><testcase classname="tests.test_ui_app" name="test_new_match_dialog_is_localized[zh_CN-\u65b0\u5efa\u5bf9\u5c40-\u5f53\u524d\u89c4\u5219\u96c6-\u9009\u62e9\u89c4\u5219\u96c6\u2026]" time="0.034" /><testcase classname="tests.test_ui_app" name="test_new_match_dialog_is_localized[ja_JP-\u65b0\u898f\u5bfe\u5c40-\u73fe\u5728\u306e\u30eb\u30fc\u30eb\u30bb\u30c3\u30c8-\u30eb\u30fc\u30eb\u30bb\u30c3\u30c8\u3092\u9078\u629e\u2026]" time="0.029" /><testcase classname="tests.test_ui_app" name="test_view_menu_toggle_syncs_to_settings" time="0.055" /><testcase classname="tests.test_ui_app" name="test_settings_restore_view_state_on_startup" time="0.049" /><testcase classname="tests.test_ui_app" name="test_piece_panel_shows_selected_piece" time="0.063" /><testcase classname="tests.test_ui_app" name="test_ui_module_entry_smoke" time="0.384" /><testcase classname="tests.test_ui_app" name="test_ui_settle_snapshot_auto_exits_and_writes_image" time="0.538" /><testcase classname="tests.test_ui_app" name="test_run_ui_launcher_smoke" time="0.369" /><testcase classname="tests.test_ui_app" name="test_player_bar_shows_empty_hand" time="0.057" /><testcase classname="tests.test_ui_app" name="test_player_bar_drop_flow" time="0.070" /><testcase classname="tests.test_ui_app" name="test_board_view_mouse_tracking_enabled" time="0.062" /><testcase classname="tests.test_ui_app" name="test_hover_preference_gates_scene_hover" time="0.058" /><testcase classname="tests.test_ui_app" name="test_manual_zoom_survives_refresh" time="0.058" /><testcase classname="tests.test_ui_app" name="test_zoom_out_returns_to_fit_and_never_below_fit" time="0.061" /><testcase classname="tests.test_ui_app" name="test_history_preview_selects_same_ply" time="0.065" /><testcase classname="tests.test_ui_app" name="test_owner_mapping_ui_text" time="0.062" /><testcase classname="tests.test_ui_app" name="test_texture_cache_style_dimension" time="0.059" /><testcase classname="tests.test_ui_app" name="test_new_match_dialog_values_and_persistence" time="0.033" /><testcase classname="tests.test_ui_app" name="test_new_match_dialog_auto_strategy_default" time="0.036" /><testcase classname="tests.test_ui_app" name="test_apply_new_match_starts_fresh" time="0.069" /><testcase classname="tests.test_ui_app" name="test_game_over_banner_shown" time="0.052" /><testcase classname="tests.test_ui_app" name="test_main_window_ai_match_smoke" time="1.252" /><testcase classname="tests.test_ui_app" name="test_clock_label_updates_on_tick" time="0.057" /><testcase classname="tests.test_ui_app" name="test_preferences_no_nameerror" time="0.055" /><testcase classname="tests.test_ui_app" name="test_ai_worker_error_clears_thinking_and_stops_restart" time="0.086" /><testcase classname="tests.test_ui_app" name="test_new_match_dialog_requires_file_path" time="0.033" /><testcase classname="tests.test_ui_app" name="test_apply_new_match_file_mode_requires_path" time="0.054" /><testcase classname="tests.test_ui_app" name="test_restart_recreates_ai_player" time="0.063" /><testcase classname="tests.test_ui_app" name="test_cancel_ai_state_keeps_running_thread_reference" time="2.073" /><testcase classname="tests.test_ui_app" name="test_open_ruleset_cancel_preserves_ai_player" time="0.053" /><testcase classname="tests.test_ui_app" name="test_open_record_cancel_preserves_ai_player" time="0.053" /><testcase classname="tests.test_ui_app" name="test_close_waits_for_ai_thread_then_closes" time="0.081" /><testcase classname="tests.test_ui_controller" name="test_new_game_initial_state" time="0.010" /><testcase classname="tests.test_ui_controller" name="test_select_own_piece_and_legal_targets" time="0.013" /><testcase classname="tests.test_ui_controller" name="test_click_another_own_piece_switches_selection" time="0.009" /><testcase classname="tests.test_ui_controller" name="test_cancel_clears_interaction" time="0.009" /><testcase classname="tests.test_ui_controller" name="test_enemy_preview_and_disabling" time="0.008" /><testcase classname="tests.test_ui_controller" name="test_submit_updates_state_history_and_last_move" time="0.011" /><testcase classname="tests.test_ui_controller" name="test_undo_redo_and_redo_cleared_by_new_move" time="0.013" /><testcase classname="tests.test_ui_controller" name="test_restart_resets" time="0.010" /><testcase classname="tests.test_ui_controller" name="test_forced_unique_promotion_auto_submitted" time="0.009" /><testcase classname="tests.test_ui_controller" name="test_multiple_promotion_options_prompt_and_choose" time="0.003" /><testcase classname="tests.test_ui_controller" name="test_multiple_promotion_cancel_does_not_move" time="0.003" /><testcase classname="tests.test_ui_controller" name="test_drop_flow" time="0.004" /><testcase classname="tests.test_ui_controller" name="test_drop_cancel_leaves_state_unchanged" time="0.004" /><testcase classname="tests.test_ui_controller" name="test_history_preview_and_return" time="0.010" /><testcase classname="tests.test_ui_controller" name="test_file_roundtrip" time="0.018" /><testcase classname="tests.test_ui_controller" name="test_record_fingerprint_mismatch_preserves_game" time="0.021" /><testcase classname="tests.test_ui_controller" name="test_open_ruleset_error_keeps_game" time="0.010" /><testcase classname="tests.test_ui_controller" name="test_owner_label_white_black_mapping" time="0.000" /><testcase classname="tests.test_ui_controller" name="test_preview_ray_friendly_block_excluded" time="0.002" /><testcase classname="tests.test_ui_controller" name="test_preview_ray_enemy_included_then_stops" time="0.002" /><testcase classname="tests.test_ui_controller" name="test_preview_deduplicates_overlapping_atoms" time="0.001" /><testcase classname="tests.test_ui_controller" name="test_preview_count_matches_highlighted_squares" time="0.009" /><testcase classname="tests.test_ui_controller" name="test_browse_type_then_board_interaction_returns_to_piece" time="0.043" /><testcase classname="tests.test_ui_controller" name="test_browse_type_invalid_rejected" time="0.008" /><testcase classname="tests.test_ui_corrective_audit_r1" name="test_animation_completion_refreshes_final_interaction_layer" time="0.222" /><testcase classname="tests.test_ui_corrective_audit_r1" name="test_queued_animation_refreshes_each_completed_target" time="0.373" /><testcase classname="tests.test_ui_corrective_audit_r1" name="test_replay_controls_follow_live_and_history_matrix_and_clicks" time="0.053" /><testcase classname="tests.test_ui_corrective_audit_r1" name="test_player_bar_clock_ticks_without_full_refresh_or_rebuild" time="0.024" /><testcase classname="tests.test_ui_corrective_audit_r1" name="test_preset_labels_are_localized_but_request_keeps_backend_id[en-labels0]" time="0.002" /><testcase classname="tests.test_ui_corrective_audit_r1" name="test_preset_labels_are_localized_but_request_keeps_backend_id[zh_CN-labels1]" time="0.002" /><testcase classname="tests.test_ui_corrective_audit_r1" name="test_preset_labels_are_localized_but_request_keeps_backend_id[ja_JP-labels2]" time="0.002" /><testcase classname="tests.test_ui_corrective_audit_r1" name="test_file_dialog_filters_use_localized_key_for_all_record_surfaces" time="0.090" /><testcase classname="tests.test_ui_corrective_audit_r1" name="test_localization_tables_contain_corrective_keys" time="0.001" /><testcase classname="tests.test_ui_lifecycle" name="test_shutdown_stops_clock_timer" time="0.071" /><testcase classname="tests.test_ui_lifecycle" name="test_shutdown_removes_controller_subscription" time="0.060" /><testcase classname="tests.test_ui_lifecycle" name="test_shutdown_removes_localization_subscription" time="0.066" /><testcase classname="tests.test_ui_lifecycle" name="test_shutdown_is_idempotent" time="0.062" /><testcase classname="tests.test_ui_lifecycle" name="test_close_flushes_window" time="0.061" /><testcase classname="tests.test_ui_lifecycle" name="test_repeated_create_close_does_not_accumulate_windows" time="0.860" /><testcase classname="tests.test_ui_lifecycle" name="test_shutdown_does_not_start_new_ai" time="0.054" /><testcase classname="tests.test_ui_lifecycle" name="test_shutdown_cancels_and_waits_owned_ai_thread" time="0.062" /><testcase classname="tests.test_ui_lifecycle" name="test_shutdown_retains_running_thread_reference_after_timeout" time="2.072" /><testcase classname="tests.test_ui_persistent_renderer" name="test_static_and_piece_identity_survive_refreshes" time="0.028" /><testcase classname="tests.test_ui_persistent_renderer" name="test_coordinate_toggle_is_incremental_and_preserves_identity" time="0.030" /><testcase classname="tests.test_ui_persistent_renderer" name="test_animation_preference_is_localized_and_persistent" time="0.002" /><testcase classname="tests.test_ui_persistent_renderer" name="test_finished_animations_are_deleted_after_repeated_moves" time="0.579" /><testcase classname="tests.test_ui_persistent_renderer" name="test_opponent_hand_entries_are_visible_but_not_actionable" time="0.023" /><testcase classname="tests.test_ui_persistent_renderer" name="test_mover_and_unrelated_piece_identity_are_preserved" time="0.035" /><testcase classname="tests.test_ui_persistent_renderer" name="test_undo_redo_history_return_live_and_restart_snap_exactly" time="0.061" /><testcase classname="tests.test_ui_persistent_renderer" name="test_capture_drop_and_promotion_have_exact_final_occupancy" time="0.049" /><testcase classname="tests.test_ui_persistent_renderer" name="test_animated_capture_drop_and_promotion_converge" time="0.652" /><testcase classname="tests.test_ui_persistent_renderer" name="test_animation_is_bounded_and_cancel_safe" time="0.341" /><testcase classname="tests.test_ui_persistent_renderer" name="test_every_history_navigation_is_an_atomic_snap" time="0.396" /><testcase classname="tests.test_ui_persistent_renderer" name="test_close_during_animation_and_item_counts_remain_bounded" time="0.031" /><testcase classname="tests.test_ui_redesign" name="test_board_transform_stable_across_refresh_and_moves" time="0.075" /><testcase classname="tests.test_ui_redesign" name="test_replay_does_not_resize_board" time="0.067" /><testcase classname="tests.test_ui_redesign" name="test_resize_updates_fit_transform" time="0.057" /><testcase classname="tests.test_ui_redesign" name="test_zoom_gated_by_zoom_mode" time="0.064" /><testcase classname="tests.test_ui_redesign" name="test_zoom_mode_default_from_settings" time="0.048" /><testcase classname="tests.test_ui_redesign" name="test_sidebar_has_only_moves_and_rules" time="0.056" /><testcase classname="tests.test_ui_redesign" name="test_developer_info_absent_from_main_ui" time="0.055" /><testcase classname="tests.test_ui_redesign" name="test_diagnostics_dialog_contains_developer_info" time="0.053" /><testcase classname="tests.test_ui_redesign" name="test_replay_selects_ply_and_blocks_submission" time="0.070" /><testcase classname="tests.test_ui_redesign" name="test_game_over_hides_to_move" time="0.046" /><testcase classname="tests.test_ui_redesign" name="test_board_piece_inspect_shows_rules_detail" time="0.053" /><testcase classname="tests.test_ui_redesign" name="test_inspect_type_switches_to_rules_tab" time="0.060" /><testcase classname="tests.test_ui_redesign" name="test_language_switch_updates_main_surfaces" time="0.052" /><testcase classname="tests.test_ui_redesign" name="test_localization_cover_key_surfaces" time="0.113" /><testcase classname="tests.test_ui_redesign" name="test_player_bar_flip_swaps_bars_but_not_semantics" time="0.052" /><testcase classname="tests.test_ui_redesign" name="test_selection_banner_appears_updates_hides" time="0.068" /><testcase classname="tests.test_ui_redesign" name="test_selection_banner_localized" time="0.112" /><testcase classname="tests.test_ui_redesign" name="test_selection_banner_theme_contrast" time="0.028" /><testcase classname="tests.test_ui_redesign" name="test_selection_banner_does_not_resize_board" time="0.058" /><testcase classname="tests.test_ui_redesign" name="test_rules_detail_is_scrollable" time="0.081" /><testcase classname="tests.test_ui_redesign" name="test_diagram_king_like_one_step_is_5x5" time="0.030" /><testcase classname="tests.test_ui_redesign" name="test_diagram_forward_one_step" time="0.027" /><testcase classname="tests.test_ui_redesign" name="test_diagram_long_leaper_keeps_midpoints_clear" time="0.029" /><testcase classname="tests.test_ui_redesign" name="test_diagram_orthogonal_ray_continuous_with_arrow" time="0.030" /><testcase classname="tests.test_ui_redesign" name="test_diagram_slope_2_1_not_drawn_as_diagonal" time="0.030" /><testcase classname="tests.test_ui_redesign" name="test_diagram_mixed_atoms_dedup_and_order_independent" time="0.022" /><testcase classname="tests.test_ui_redesign" name="test_diagram_large_leap_uses_edge_marker_not_silent_drop" time="0.029" /><testcase classname="tests.test_ui_redesign" name="test_diagram_cell_forward_maps_above_center" time="0.027" /><testcase classname="tests.test_ui_redesign" name="test_diagram_cell_backward_maps_below_center" time="0.026" /><testcase classname="tests.test_ui_redesign" name="test_diagram_cell_forward_diagonal_preserves_left_right" time="0.036" /><testcase classname="tests.test_ui_redesign" name="test_diagram_screen_direction_flips_only_y" time="0.041" /><testcase classname="tests.test_ui_redesign" name="test_center_point_maps_forward_above_center" time="0.032" /><testcase classname="tests.test_ui_redesign" name="test_diagram_clipped_markers_inside_view" time="0.033" /><testcase classname="tests.test_ui_redesign" name="test_rules_panel_diagram_populated_and_localized" time="0.065" /><testcase classname="tests.test_ui_redesign" name="test_game_over_overlay_checkmate_and_buttons" time="0.061" /><testcase classname="tests.test_ui_redesign" name="test_game_over_overlay_stalemate" time="0.048" /><testcase classname="tests.test_ui_redesign" name="test_game_over_overlay_max_ply" time="0.047" /><testcase classname="tests.test_ui_redesign" name="test_game_over_overlay_resignation_dismiss_keeps_terminal" time="0.057" /><testcase classname="tests.test_ui_redesign" name="test_overlay_hides_on_history_preview_and_restores" time="0.057" /><testcase classname="tests.test_ui_redesign" name="test_overlay_centered_on_resize_and_flip" time="0.064" /><testcase classname="tests.test_ui_redesign" name="test_overlay_does_not_change_board_transform" time="0.058" /><testcase classname="tests.test_ui_redesign" name="test_zh_mode_has_no_english_menu_or_replay_labels" time="0.057" /><testcase classname="tests.test_ui_redesign" name="test_i18n_critical_key_parity_across_languages" time="0.034" /><testcase classname="tests.test_ui_redesign" name="test_toolbar_icons_distinct_and_localized" time="0.058" /><testcase classname="tests.test_western_chess_product" name="test_production_builder_is_semantically_identical_to_f24f_definition" time="0.003" /><testcase classname="tests.test_western_chess_product" name="test_generic_dispatcher_preserves_legacy_compile_contract" time="0.017" /><testcase classname="tests.test_western_chess_product" name="test_dispatcher_selects_semantic_path_without_legacy_fallback" time="0.017" /><testcase classname="tests.test_western_chess_product" name="test_builtin_catalog_is_exact_and_unknown_names_fail" time="0.001" /><testcase classname="tests.test_western_chess_product" name="test_semantic_ruleset_json_reloads_through_cli_and_alias_submits" time="0.163" /><testcase classname="tests.test_western_chess_product" name="test_builtin_ruleset_out_round_trips_to_ruleset_path" time="0.312" /><testcase classname="tests.test_western_chess_product" name="test_builtin_cli_rejects_generator_options" time="0.106" /><testcase classname="tests.test_western_chess_product" name="test_visible_alias_resolution_is_ambiguity_safe" time="0.000" /><testcase classname="tests.test_western_chess_product" name="test_session_record_replay_preserves_semantic_action_identity" time="0.029" /><testcase classname="tests.test_western_chess_product" name="test_public_alphabeta_reaches_builtin_session" time="1.027" /></testsuite></testsuites>